19:31:15,780 |-INFO in ch.qos.logback.classic.LoggerContext[default] - Could NOT find resource [logback.groovy]
19:31:15,784 |-INFO in ch.qos.logback.classic.LoggerContext[default] - Could NOT find resource [logback-test.xml]
19:31:15,784 |-INFO in ch.qos.logback.classic.LoggerContext[default] - Found resource [logback.xml] at [jar:file:/home/juliomelo/hygieia/api/target/api.jar!/logback.xml]
19:31:15,786 |-WARN in ch.qos.logback.classic.LoggerContext[default] - Resource [logback.xml] occurs multiple times on the classpath.
19:31:15,787 |-WARN in ch.qos.logback.classic.LoggerContext[default] - Resource [logback.xml] occurs at [jar:file:/home/juliomelo/hygieia/api/target/api.jar!/lib/core-2.0.5-SNAPSHOT.jar!/logback.xml]
19:31:15,787 |-WARN in ch.qos.logback.classic.LoggerContext[default] - Resource [logback.xml] occurs at [jar:file:/home/juliomelo/hygieia/api/target/api.jar!/logback.xml]
19:31:15,842 |-INFO in ch.qos.logback.core.joran.spi.ConfigurationWatchList@77eccc5f - URL [jar:file:/home/juliomelo/hygieia/api/target/api.jar!/logback.xml] is not of type file
19:31:15,914 |-INFO in ch.qos.logback.classic.joran.action.ConfigurationAction - debug attribute not set
19:31:15,920 |-INFO in ch.qos.logback.core.joran.action.AppenderAction - About to instantiate appender of type [ch.qos.logback.core.ConsoleAppender]
19:31:15,932 |-INFO in ch.qos.logback.core.joran.action.AppenderAction - Naming appender as [STDOUT]
19:31:15,986 |-INFO in ch.qos.logback.core.joran.action.NestedComplexPropertyIA - Assuming default type [ch.qos.logback.classic.encoder.PatternLayoutEncoder] for [encoder] property
19:31:16,065 |-INFO in ch.qos.logback.core.joran.action.AppenderAction - About to instantiate appender of type [ch.qos.logback.core.rolling.RollingFileAppender]
19:31:16,068 |-INFO in ch.qos.logback.core.joran.action.AppenderAction - Naming appender as [ROLLING]
19:31:16,112 |-INFO in c.q.l.core.rolling.TimeBasedRollingPolicy - No compression will be used
19:31:16,114 |-INFO in c.q.l.core.rolling.TimeBasedRollingPolicy - Will use the pattern logs/devopsdashboard-api-%d{yyyy-MM-dd}.%i.log for the active file
19:31:16,117 |-INFO in ch.qos.logback.core.rolling.SizeAndTimeBasedFNATP@db7a2b6 - The date pattern is 'yyyy-MM-dd' from file name pattern 'logs/devopsdashboard-api-%d{yyyy-MM-dd}.%i.log'.
19:31:16,117 |-INFO in ch.qos.logback.core.rolling.SizeAndTimeBasedFNATP@db7a2b6 - Roll-over at midnight.
19:31:16,120 |-INFO in ch.qos.logback.core.rolling.SizeAndTimeBasedFNATP@db7a2b6 - Setting initial period to Thu May 17 19:31:16 UTC 2018
19:31:16,123 |-INFO in ch.qos.logback.core.joran.action.NestedComplexPropertyIA - Assuming default type [ch.qos.logback.classic.encoder.PatternLayoutEncoder] for [encoder] property
19:31:16,123 |-INFO in ch.qos.logback.core.rolling.RollingFileAppender[ROLLING] - Active log file name: logs/devopsdashboard-api-2018-05-17.0.log
19:31:16,123 |-INFO in ch.qos.logback.core.rolling.RollingFileAppender[ROLLING] - File property is set to [null]
19:31:16,125 |-INFO in ch.qos.logback.classic.joran.action.RootLoggerAction - Setting level of ROOT logger to INFO
19:31:16,125 |-INFO in ch.qos.logback.core.joran.action.AppenderRefAction - Attaching appender named [ROLLING] to Logger[ROOT]
19:31:16,126 |-INFO in ch.qos.logback.core.joran.action.AppenderRefAction - Attaching appender named [STDOUT] to Logger[ROOT]
19:31:16,126 |-INFO in ch.qos.logback.classic.joran.action.ConfigurationAction - End of configuration.
19:31:16,127 |-INFO in ch.qos.logback.classic.joran.JoranConfigurator@443bd179 - Registering current configuration as safe fallback point

2018-05-17 19:31:17,110 INFO  o.s.c.a.AnnotationConfigApplicationContext - Refreshing org.springframework.context.annotation.AnnotationConfigApplicationContext@3830f0dd: startup date [Thu May 17 19:31:17 UTC 2018]; root of context hierarchy
2018-05-17 19:31:17,263 INFO  o.h.validator.internal.util.Version - HV000001: Hibernate Validator 5.2.2.Final
2018-05-17 19:31:17,580 INFO  o.s.b.f.a.AutowiredAnnotationBeanPostProcessor - JSR-330 'javax.inject.Inject' annotation found and supported for autowiring
2018-05-17 19:31:17,692 INFO  o.s.c.s.PostProcessorRegistrationDelegate$BeanPostProcessorChecker - Bean 'configurationPropertiesRebinderAutoConfiguration' of type [class org.springframework.cloud.autoconfigure.ConfigurationPropertiesRebinderAutoConfiguration$$EnhancerBySpringCGLIB$$93da5f6e] is not eligible for getting processed by all BeanPostProcessors (for example: not eligible for auto-proxying)

  .   ____          _            __ _ _
 /\\ / ___'_ __ _ _(_)_ __  __ _ \ \ \ \
( ( )\___ | '_ | '_| | '_ \/ _` | \ \ \ \
 \\/  ___)| |_)| | | | | || (_| |  ) ) ) )
  '  |____| .__|_| |_|_| |_\__, | / / / /
 =========|_|==============|___/=/_/_/_/
 :: Spring Boot ::        (v1.3.0.RELEASE)

2018-05-17 19:31:18,275 INFO  o.s.c.c.c.ConfigServicePropertySourceLocator - Fetching config from server at: http://localhost:8888
2018-05-17 19:31:18,664 WARN  o.s.c.c.c.ConfigServicePropertySourceLocator - Could not locate PropertySource: I/O error on GET request for "http://localhost:8888/application/default": Connection refused (Connection refused); nested exception is java.net.ConnectException: Connection refused (Connection refused)
2018-05-17 19:31:18,668 INFO  com.capitalone.dashboard.Application - No profiles are active
2018-05-17 19:31:18,744 INFO  o.s.b.c.e.AnnotationConfigEmbeddedWebApplicationContext - Refreshing org.springframework.boot.context.embedded.AnnotationConfigEmbeddedWebApplicationContext@130df4dc: startup date [Thu May 17 19:31:18 UTC 2018]; parent: org.springframework.context.annotation.AnnotationConfigApplicationContext@3830f0dd
2018-05-17 19:31:22,175 INFO  o.s.b.f.s.DefaultListableBeanFactory - Overriding bean definition for bean 'ssoAuthenticationFilter' with a different definition: replacing [Generic bean: class [com.capitalone.dashboard.auth.sso.SsoAuthenticationFilter]; scope=singleton; abstract=false; lazyInit=false; autowireMode=0; dependencyCheck=0; autowireCandidate=true; primary=false; factoryBeanName=null; factoryMethodName=null; initMethodName=null; destroyMethodName=null; defined in URL [jar:file:/home/juliomelo/hygieia/api/target/api.jar!/com/capitalone/dashboard/auth/sso/SsoAuthenticationFilter.class]] with [Root bean: class [null]; scope=; abstract=false; lazyInit=false; autowireMode=3; dependencyCheck=0; autowireCandidate=true; primary=false; factoryBeanName=webSecurityConfig; factoryMethodName=ssoAuthenticationFilter; initMethodName=null; destroyMethodName=(inferred); defined in class path resource [com/capitalone/dashboard/config/WebSecurityConfig.class]]
2018-05-17 19:31:22,790 INFO  o.s.cloud.context.scope.GenericScope - BeanFactory id=a5d33ffa-9184-358f-a8f4-314a480710b0
2018-05-17 19:31:22,808 INFO  c.u.j.EnableEncryptablePropertySourcesPostProcessor - Post-processing PropertySource instances
2018-05-17 19:31:22,829 INFO  c.u.j.c.StringEncryptorConfiguration - String Encryptor custom Bean not found with name 'jasyptStringEncryptor'. Initializing String Encryptor based on properties with name 'jasyptStringEncryptor'
2018-05-17 19:31:22,837 INFO  c.u.j.EnableEncryptablePropertySourcesPostProcessor - Converting PropertySource commandLineArgs [org.springframework.core.env.SimpleCommandLinePropertySource] to EncryptableEnumerablePropertySourceWrapper
2018-05-17 19:31:22,837 INFO  c.u.j.EnableEncryptablePropertySourcesPostProcessor - Converting PropertySource servletConfigInitParams [org.springframework.core.env.PropertySource$StubPropertySource] to EncryptablePropertySourceWrapper
2018-05-17 19:31:22,837 INFO  c.u.j.EnableEncryptablePropertySourcesPostProcessor - Converting PropertySource servletContextInitParams [org.springframework.core.env.PropertySource$StubPropertySource] to EncryptablePropertySourceWrapper
2018-05-17 19:31:22,838 INFO  c.u.j.EnableEncryptablePropertySourcesPostProcessor - Converting PropertySource systemProperties [org.springframework.core.env.MapPropertySource] to EncryptableMapPropertySourceWrapper
2018-05-17 19:31:22,838 INFO  c.u.j.EnableEncryptablePropertySourcesPostProcessor - Converting PropertySource systemEnvironment [org.springframework.core.env.SystemEnvironmentPropertySource] to EncryptableMapPropertySourceWrapper
2018-05-17 19:31:22,838 INFO  c.u.j.EnableEncryptablePropertySourcesPostProcessor - Converting PropertySource random [org.springframework.boot.context.config.RandomValuePropertySource] to EncryptablePropertySourceWrapper
2018-05-17 19:31:22,839 INFO  c.u.j.EnableEncryptablePropertySourcesPostProcessor - Converting PropertySource applicationConfig: [file:dashboard.properties] [org.springframework.core.env.PropertiesPropertySource] to EncryptableMapPropertySourceWrapper
2018-05-17 19:31:22,844 INFO  c.u.j.EnableEncryptablePropertySourcesPostProcessor - Converting PropertySource applicationConfig: [classpath:/application.properties] [org.springframework.core.env.PropertiesPropertySource] to EncryptableMapPropertySourceWrapper
2018-05-17 19:31:22,844 INFO  c.u.j.EnableEncryptablePropertySourcesPostProcessor - Converting PropertySource springCloudClientHostInfo [org.springframework.core.env.MapPropertySource] to EncryptableMapPropertySourceWrapper
2018-05-17 19:31:22,844 INFO  c.u.j.EnableEncryptablePropertySourcesPostProcessor - Converting PropertySource class path resource [version.properties] [org.springframework.core.io.support.ResourcePropertySource] to EncryptableMapPropertySourceWrapper
2018-05-17 19:31:22,845 INFO  c.u.j.EnableEncryptablePropertySourcesPostProcessor - Converting PropertySource defaultProperties [org.springframework.core.env.MapPropertySource] to EncryptableMapPropertySourceWrapper
2018-05-17 19:31:22,867 INFO  o.s.b.f.a.AutowiredAnnotationBeanPostProcessor - JSR-330 'javax.inject.Inject' annotation found and supported for autowiring
2018-05-17 19:31:23,154 INFO  o.s.c.s.PostProcessorRegistrationDelegate$BeanPostProcessorChecker - Bean 'org.springframework.security.config.annotation.configuration.ObjectPostProcessorConfiguration' of type [class org.springframework.security.config.annotation.configuration.ObjectPostProcessorConfiguration$$EnhancerBySpringCGLIB$$922410b] is not eligible for getting processed by all BeanPostProcessors (for example: not eligible for auto-proxying)
2018-05-17 19:31:23,370 INFO  o.s.c.s.PostProcessorRegistrationDelegate$BeanPostProcessorChecker - Bean 'objectPostProcessor' of type [class org.springframework.security.config.annotation.configuration.AutowireBeanFactoryObjectPostProcessor] is not eligible for getting processed by all BeanPostProcessors (for example: not eligible for auto-proxying)
2018-05-17 19:31:23,373 INFO  o.s.c.s.PostProcessorRegistrationDelegate$BeanPostProcessorChecker - Bean 'org.springframework.security.access.expression.method.DefaultMethodSecurityExpressionHandler@2337f3a5' of type [class org.springframework.security.access.expression.method.DefaultMethodSecurityExpressionHandler] is not eligible for getting processed by all BeanPostProcessors (for example: not eligible for auto-proxying)
2018-05-17 19:31:23,386 INFO  o.s.c.s.PostProcessorRegistrationDelegate$BeanPostProcessorChecker - Bean 'org.springframework.security.config.annotation.method.configuration.GlobalMethodSecurityConfiguration' of type [class org.springframework.security.config.annotation.method.configuration.GlobalMethodSecurityConfiguration$$EnhancerBySpringCGLIB$$bc00757d] is not eligible for getting processed by all BeanPostProcessors (for example: not eligible for auto-proxying)
2018-05-17 19:31:23,412 INFO  o.s.c.s.PostProcessorRegistrationDelegate$BeanPostProcessorChecker - Bean 'methodSecurityMetadataSource' of type [class org.springframework.security.access.method.DelegatingMethodSecurityMetadataSource] is not eligible for getting processed by all BeanPostProcessors (for example: not eligible for auto-proxying)
2018-05-17 19:31:23,454 INFO  o.s.c.s.PostProcessorRegistrationDelegate$BeanPostProcessorChecker - Bean 'org.springframework.cloud.autoconfigure.ConfigurationPropertiesRebinderAutoConfiguration' of type [class org.springframework.cloud.autoconfigure.ConfigurationPropertiesRebinderAutoConfiguration$$EnhancerBySpringCGLIB$$93da5f6e] is not eligible for getting processed by all BeanPostProcessors (for example: not eligible for auto-proxying)
2018-05-17 19:31:24,140 INFO  o.s.b.c.e.t.TomcatEmbeddedServletContainer - Tomcat initialized with port(s): 8080 (http)
2018-05-17 19:31:24,166 INFO  o.a.catalina.core.StandardService - Starting service Tomcat
2018-05-17 19:31:24,168 INFO  o.a.catalina.core.StandardEngine - Starting Servlet Engine: Apache Tomcat/8.0.28
2018-05-17 19:31:24,330 INFO  o.a.c.c.C.[.[localhost].[/api] - Initializing Spring embedded WebApplicationContext
2018-05-17 19:31:24,331 INFO  o.s.web.context.ContextLoader - Root WebApplicationContext: initialization completed in 5587 ms
2018-05-17 19:31:24,656 INFO  c.c.dashboard.auth.AuthProperties - No JWT secret found in configuration, generating random secret by default.
2018-05-17 19:31:24,657 INFO  c.c.dashboard.auth.AuthProperties - No JWT expiration time found in configuration, setting to one day.
2018-05-17 19:31:25,024 INFO  c.c.dashboard.config.MongoConfig - ReplicaSetfalse
2018-05-17 19:31:25,080 INFO  c.c.dashboard.config.MongoConfig - Initializing Mongo Client server at: localhost:27017
2018-05-17 19:31:25,103 INFO  org.mongodb.driver.cluster - Cluster created with settings {hosts=[localhost:27017], mode=SINGLE, requiredClusterType=UNKNOWN, serverSelectionTimeout='30000 ms', maxWaitQueueSize=500}
2018-05-17 19:31:25,130 INFO  c.c.dashboard.config.MongoConfig - Connecting to Mongo: Mongo{options=MongoClientOptions{description='null', readPreference=primary, writeConcern=WriteConcern{w=1, wtimeout=0, fsync=false, j=false, codecRegistry=org.bson.codecs.configuration.ProvidersCodecRegistry@4e06283f, minConnectionsPerHost=0, maxConnectionsPerHost=100, threadsAllowedToBlockForConnectionMultiplier=5, serverSelectionTimeout=30000, maxWaitTime=120000, maxConnectionIdleTime=0, maxConnectionLifeTime=0, connectTimeout=10000, socketTimeout=0, socketKeepAlive=false, sslEnabled=false, sslInvalidHostNamesAllowed=false, alwaysUseMBeans=false, heartbeatFrequency=10000, minHeartbeatFrequency=500, heartbeatConnectTimeout=20000, heartbeatSocketTimeout=20000, localThreshold=15, requiredReplicaSetName='null', dbDecoderFactory=com.mongodb.DefaultDBDecoder$1@4edebad4, dbEncoderFactory=com.mongodb.DefaultDBEncoder$1@4b311587, socketFactory=javax.net.DefaultSocketFactory@7532ff70, cursorFinalizerEnabled=true, connectionPoolSettings=ConnectionPoolSettings{maxSize=100, minSize=0, maxWaitQueueSize=500, maxWaitTimeMS=120000, maxConnectionLifeTimeMS=0, maxConnectionIdleTimeMS=0, maintenanceInitialDelayMS=0, maintenanceFrequencyMS=60000}, socketSettings=SocketSettings{connectTimeoutMS=10000, readTimeoutMS=0, keepAlive=false, receiveBufferSize=0, sendBufferSize=0}, serverSettings=ServerSettings{heartbeatFrequencyMS=10000, minHeartbeatFrequencyMS=500}, heartbeatSocketSettings=SocketSettings{connectTimeoutMS=20000, readTimeoutMS=20000, keepAlive=false, receiveBufferSize=0, sendBufferSize=0}}}
2018-05-17 19:31:25,213 INFO  org.mongodb.driver.connection - Opened connection [connectionId{localValue:1, serverValue:11}] to localhost:27017
2018-05-17 19:31:25,214 INFO  org.mongodb.driver.cluster - Monitor thread successfully connected to server with description ServerDescription{address=localhost:27017, type=STANDALONE, state=CONNECTED, ok=true, version=ServerVersion{versionList=[3, 2, 20]}, minWireVersion=0, maxWireVersion=4, electionId=null, maxDocumentSize=16777216, roundTripTimeNanos=493929}
2018-05-17 19:31:26,327 INFO  org.mongodb.driver.connection - Opened connection [connectionId{localValue:2, serverValue:12}] to localhost:27017
2018-05-17 19:31:26,770 INFO  o.s.b.c.e.FilterRegistrationBean - Mapping filter: 'characterEncodingFilter' to: [/*]
2018-05-17 19:31:26,772 INFO  o.s.b.c.e.DelegatingFilterProxyRegistrationBean - Mapping filter: 'springSecurityFilterChain' to: [/*]
2018-05-17 19:31:26,772 INFO  o.s.b.c.e.FilterRegistrationBean - Mapping filter: 'jwtAuthenticationFilter' to: [/*]
2018-05-17 19:31:26,772 INFO  o.s.b.c.e.FilterRegistrationBean - Mapping filter: 'ssoAuthenticationFilter' to: [/*]
2018-05-17 19:31:26,772 INFO  o.s.b.c.e.FilterRegistrationBean - Mapping filter: 'standardLoginRequestFilter' to: [/*]
2018-05-17 19:31:26,773 INFO  o.s.b.c.e.FilterRegistrationBean - Mapping filter: 'ldapLoginRequestFilter' to: [/*]
2018-05-17 19:31:26,773 INFO  o.s.b.c.e.FilterRegistrationBean - Mapping filter: 'apiTokenRequestFilter' to: [/*]
2018-05-17 19:31:26,773 INFO  o.s.b.c.e.ServletRegistrationBean - Mapping servlet: 'dispatcherServlet' to [/]
2018-05-17 19:31:27,118 INFO  o.s.s.web.DefaultSecurityFilterChain - Creating filter chain: org.springframework.security.web.util.matcher.AnyRequestMatcher@1, [org.springframework.security.web.context.request.async.WebAsyncManagerIntegrationFilter@34b43160, org.springframework.security.web.context.SecurityContextPersistenceFilter@5b97fe44, org.springframework.security.web.header.HeaderWriterFilter@12edaa29, org.springframework.security.web.authentication.logout.LogoutFilter@34d85e87, com.capitalone.dashboard.auth.standard.StandardLoginRequestFilter@6731bdb3, com.capitalone.dashboard.auth.sso.SsoAuthenticationFilter@28505ef3, com.capitalone.dashboard.auth.ldap.LdapLoginRequestFilter@2cb0f077, com.capitalone.dashboard.auth.apitoken.ApiTokenRequestFilter@e559369, com.capitalone.dashboard.auth.token.JwtAuthenticationFilter@31a786ce, org.springframework.security.web.savedrequest.RequestCacheAwareFilter@256bd9ff, org.springframework.security.web.servletapi.SecurityContextHolderAwareRequestFilter@409f0ac2, org.springframework.security.web.authentication.AnonymousAuthenticationFilter@276321a4, org.springframework.security.web.session.SessionManagementFilter@c5a8da3, org.springframework.security.web.access.ExceptionTranslationFilter@43ada29d, org.springframework.security.web.access.intercept.FilterSecurityInterceptor@71f93168]
2018-05-17 19:31:29,040 INFO  o.s.b.a.s.AuthenticationManagerConfiguration - 

Using default security password: 77b620ea-1500-4577-8ed2-86920dbbcb38

2018-05-17 19:31:30,086 INFO  o.s.w.s.m.m.a.RequestMappingHandlerMapping - Mapped "{[/encrypt],methods=[POST],consumes=[application/json],produces=[application/json]}" onto public org.springframework.http.ResponseEntity<java.lang.String> com.capitalone.dashboard.rest.EncryptionController.encrypt(com.capitalone.dashboard.request.EncryptionRequest)
2018-05-17 19:31:30,089 INFO  o.s.w.s.m.m.a.RequestMappingHandlerMapping - Mapped "{[/performance/infrastructure],methods=[GET],produces=[application/json]}" onto public com.capitalone.dashboard.model.DataResponse<java.lang.Iterable<com.capitalone.dashboard.model.Performance>> com.capitalone.dashboard.rest.PerformanceController.searchAInfrastructurePerformance(com.capitalone.dashboard.request.PerformanceSearchRequest)
2018-05-17 19:31:30,089 INFO  o.s.w.s.m.m.a.RequestMappingHandlerMapping - Mapped "{[/performance],methods=[GET],produces=[application/json]}" onto public com.capitalone.dashboard.model.DataResponse<java.lang.Iterable<com.capitalone.dashboard.model.Performance>> com.capitalone.dashboard.rest.PerformanceController.performanceData(com.capitalone.dashboard.request.PerformanceSearchRequest)
2018-05-17 19:31:30,089 INFO  o.s.w.s.m.m.a.RequestMappingHandlerMapping - Mapped "{[/performance/application],methods=[GET],produces=[application/json]}" onto public com.capitalone.dashboard.model.DataResponse<java.lang.Iterable<com.capitalone.dashboard.model.Performance>> com.capitalone.dashboard.rest.PerformanceController.searchApplicationPerformance(com.capitalone.dashboard.request.PerformanceSearchRequest)
2018-05-17 19:31:30,090 INFO  o.s.w.s.m.m.a.RequestMappingHandlerMapping - Mapped "{[/performance/create],methods=[POST],consumes=[application/json],produces=[application/json]}" onto public org.springframework.http.ResponseEntity<java.lang.String> com.capitalone.dashboard.rest.PerformanceController.createPerformance(com.capitalone.dashboard.request.PerformanceCreateRequest) throws com.capitalone.dashboard.misc.HygieiaException
2018-05-17 19:31:30,092 INFO  o.s.w.s.m.m.a.RequestMappingHandlerMapping - Mapped "{[/score/settings/type/{scoreValueType}],methods=[GET],produces=[application/json]}" onto public com.capitalone.dashboard.model.score.settings.ScoreCriteriaSettings com.capitalone.dashboard.rest.ScoreCriteriaSettingsController.getScoreCriteriaSettingsByType(com.capitalone.dashboard.model.score.ScoreValueType)
2018-05-17 19:31:30,093 INFO  o.s.w.s.m.m.a.RequestMappingHandlerMapping - Mapped "{[/ping],methods=[GET],produces=[application/json]}" onto public org.springframework.http.ResponseEntity<java.lang.Boolean> com.capitalone.dashboard.rest.PingController.ping()
2018-05-17 19:31:30,094 INFO  o.s.w.s.m.m.a.RequestMappingHandlerMapping - Mapped "{[/appinfo],methods=[GET],produces=[application/json]}" onto public org.springframework.http.ResponseEntity<java.lang.String> com.capitalone.dashboard.rest.PingController.getAppInfo()
2018-05-17 19:31:30,094 INFO  o.s.w.s.m.m.a.RequestMappingHandlerMapping - Mapped "{[/findUser],methods=[GET],produces=[application/json]}" onto public org.springframework.http.ResponseEntity<java.lang.Boolean> com.capitalone.dashboard.rest.PingController.authenticatedPing()
2018-05-17 19:31:30,099 INFO  o.s.w.s.m.m.a.RequestMappingHandlerMapping - Mapped "{[/quality/security-analysis],methods=[GET],produces=[application/json]}" onto public com.capitalone.dashboard.model.DataResponse<java.lang.Iterable<com.capitalone.dashboard.model.CodeQuality>> com.capitalone.dashboard.rest.CodeQualityController.qualitySecurityAnalysis(com.capitalone.dashboard.request.CodeQualityRequest)
2018-05-17 19:31:30,101 INFO  o.s.w.s.m.m.a.RequestMappingHandlerMapping - Mapped "{[/quality],methods=[GET],produces=[application/json]}" onto public com.capitalone.dashboard.model.DataResponse<java.lang.Iterable<com.capitalone.dashboard.model.CodeQuality>> com.capitalone.dashboard.rest.CodeQualityController.qualityData(com.capitalone.dashboard.request.CodeQualityRequest)
2018-05-17 19:31:30,101 INFO  o.s.w.s.m.m.a.RequestMappingHandlerMapping - Mapped "{[/quality/static-analysis],methods=[GET],produces=[application/json]}" onto public com.capitalone.dashboard.model.DataResponse<java.lang.Iterable<com.capitalone.dashboard.model.CodeQuality>> com.capitalone.dashboard.rest.CodeQualityController.qualityStaticAnalysis(com.capitalone.dashboard.request.CodeQualityRequest)
2018-05-17 19:31:30,101 INFO  o.s.w.s.m.m.a.RequestMappingHandlerMapping - Mapped "{[/quality/static-analysis],methods=[POST],consumes=[application/json],produces=[application/json]}" onto public org.springframework.http.ResponseEntity<java.lang.String> com.capitalone.dashboard.rest.CodeQualityController.createStaticAnanlysis(com.capitalone.dashboard.request.CodeQualityCreateRequest) throws com.capitalone.dashboard.misc.HygieiaException
2018-05-17 19:31:30,105 INFO  o.s.w.s.m.m.a.RequestMappingHandlerMapping - Mapped "{[/rally],methods=[GET],produces=[application/json]}" onto public java.util.List<java.util.Map<java.lang.String, java.lang.Object>> com.capitalone.dashboard.rest.RallyFeatureController.getRallyWidgetData(com.capitalone.dashboard.request.RallyFeatureRequest,org.springframework.data.domain.Pageable)
2018-05-17 19:31:30,109 INFO  o.s.w.s.m.m.a.RequestMappingHandlerMapping - Mapped "{[/cloud/virtualnetwork/aggregate/component/{componentId}],methods=[GET],produces=[application/json]}" onto public org.springframework.http.ResponseEntity<com.capitalone.dashboard.response.CloudVirtualNetworkAggregatedResponse> com.capitalone.dashboard.rest.CloudVirtualNetworkController.getVirtualNetworkAggregatedData(org.bson.types.ObjectId)
2018-05-17 19:31:30,110 INFO  o.s.w.s.m.m.a.RequestMappingHandlerMapping - Mapped "{[/cloud/virtualnetwork/create],methods=[POST],consumes=[application/json],produces=[application/json]}" onto public org.springframework.http.ResponseEntity<java.util.List<org.bson.types.ObjectId>> com.capitalone.dashboard.rest.CloudVirtualNetworkController.upsertVirtualNetwork(java.util.List<com.capitalone.dashboard.model.CloudVirtualNetwork>)
2018-05-17 19:31:30,110 INFO  o.s.w.s.m.m.a.RequestMappingHandlerMapping - Mapped "{[/cloud/virtualnetwork/details/netrwork/{virtualNetworkId}],methods=[GET],produces=[application/json]}" onto public org.springframework.http.ResponseEntity<com.capitalone.dashboard.model.CloudVirtualNetwork> com.capitalone.dashboard.rest.CloudVirtualNetworkController.getVirtualNetworkDetails(java.lang.String)
2018-05-17 19:31:30,111 INFO  o.s.w.s.m.m.a.RequestMappingHandlerMapping - Mapped "{[/cloud/virtualnetwork/details/component/{componentId}],methods=[GET],produces=[application/json]}" onto public org.springframework.http.ResponseEntity<java.util.Collection<com.capitalone.dashboard.model.CloudVirtualNetwork>> com.capitalone.dashboard.rest.CloudVirtualNetworkController.getVirtualNetworkDetails(org.bson.types.ObjectId)
2018-05-17 19:31:30,113 INFO  o.s.w.s.m.m.a.RequestMappingHandlerMapping - Mapped "{[/deploy],methods=[POST],consumes=[application/json],produces=[application/json]}" onto public org.springframework.http.ResponseEntity<java.lang.String> com.capitalone.dashboard.rest.DeployController.createBuild(com.capitalone.dashboard.request.DeployDataCreateRequest) throws com.capitalone.dashboard.misc.HygieiaException
2018-05-17 19:31:30,114 INFO  o.s.w.s.m.m.a.RequestMappingHandlerMapping - Mapped "{[/deploy/rundeck],methods=[POST],consumes=[text/xml],produces=[application/json]}" onto public org.springframework.http.ResponseEntity<java.lang.String> com.capitalone.dashboard.rest.DeployController.createRundeckBuild(javax.servlet.http.HttpServletRequest,java.lang.String,java.lang.String) throws com.capitalone.dashboard.misc.HygieiaException
2018-05-17 19:31:30,114 INFO  o.s.w.s.m.m.a.RequestMappingHandlerMapping - Mapped "{[/deploy/status/application/{applicationName}],methods=[GET],produces=[application/json]}" onto public com.capitalone.dashboard.model.DataResponse<java.util.List<com.capitalone.dashboard.model.deploy.Environment>> com.capitalone.dashboard.rest.DeployController.deployStatus(java.lang.String)
2018-05-17 19:31:30,115 INFO  o.s.w.s.m.m.a.RequestMappingHandlerMapping - Mapped "{[/deploy/status/{componentId}],methods=[GET],produces=[application/json]}" onto public com.capitalone.dashboard.model.DataResponse<java.util.List<com.capitalone.dashboard.model.deploy.Environment>> com.capitalone.dashboard.rest.DeployController.deployStatus(org.bson.types.ObjectId)
2018-05-17 19:31:30,117 INFO  o.s.w.s.m.m.a.RequestMappingHandlerMapping - Mapped "{[/cloud/subnet/aggregate/{componentId}],methods=[GET],produces=[application/json]}" onto public org.springframework.http.ResponseEntity<com.capitalone.dashboard.response.CloudSubNetworkAggregatedResponse> com.capitalone.dashboard.rest.CloudSubnetController.getSubNetworkAggregatedData(java.lang.String)
2018-05-17 19:31:30,117 INFO  o.s.w.s.m.m.a.RequestMappingHandlerMapping - Mapped "{[/cloud/subnet/refresh],methods=[POST],consumes=[application/json],produces=[application/json]}" onto public org.springframework.http.ResponseEntity<java.util.Collection<java.lang.String>> com.capitalone.dashboard.rest.CloudSubnetController.refreshInstances(com.capitalone.dashboard.request.CloudInstanceListRefreshRequest)
2018-05-17 19:31:30,118 INFO  o.s.w.s.m.m.a.RequestMappingHandlerMapping - Mapped "{[/cloud/subnet/create],methods=[POST],consumes=[application/json],produces=[application/json]}" onto public org.springframework.http.ResponseEntity<java.util.List<java.lang.String>> com.capitalone.dashboard.rest.CloudSubnetController.upsertSubNetwork(java.util.List<com.capitalone.dashboard.request.CloudSubnetCreateRequest>)
2018-05-17 19:31:30,118 INFO  o.s.w.s.m.m.a.RequestMappingHandlerMapping - Mapped "{[/cloud/subnet/details/component/{componentId}],methods=[GET],produces=[application/json]}" onto public org.springframework.http.ResponseEntity<java.util.Collection<com.capitalone.dashboard.model.CloudSubNetwork>> com.capitalone.dashboard.rest.CloudSubnetController.getSubNetworkDetailsByComponentId(java.lang.String)
2018-05-17 19:31:30,118 INFO  o.s.w.s.m.m.a.RequestMappingHandlerMapping - Mapped "{[/cloud/subnet/details/account/{accountNumber}],methods=[GET],produces=[application/json]}" onto public org.springframework.http.ResponseEntity<java.util.Collection<com.capitalone.dashboard.model.CloudSubNetwork>> com.capitalone.dashboard.rest.CloudSubnetController.getSubNetworkDetailsByAccount(java.lang.String)
2018-05-17 19:31:30,119 INFO  o.s.w.s.m.m.a.RequestMappingHandlerMapping - Mapped "{[/cloud/subnet/details/subnets/{subnetIds}],methods=[GET],produces=[application/json]}" onto public org.springframework.http.ResponseEntity<java.util.Collection<com.capitalone.dashboard.model.CloudSubNetwork>> com.capitalone.dashboard.rest.CloudSubnetController.getSubNetworkDetailsBySubnetIds(java.util.List<java.lang.String>)
2018-05-17 19:31:30,119 INFO  o.s.w.s.m.m.a.RequestMappingHandlerMapping - Mapped "{[/cloud/subnet/details/tags],methods=[POST],consumes=[application/json],produces=[application/json]}" onto public org.springframework.http.ResponseEntity<java.util.Collection<com.capitalone.dashboard.model.CloudSubNetwork>> com.capitalone.dashboard.rest.CloudSubnetController.getSubNetworkDetailsByTag(java.util.List<com.capitalone.dashboard.model.NameValue>)
2018-05-17 19:31:30,123 INFO  o.s.w.s.m.m.a.RequestMappingHandlerMapping - Mapped "{[/scope/{scopeId}],methods=[GET],produces=[application/json]}" onto public com.capitalone.dashboard.model.DataResponse<java.util.List<com.capitalone.dashboard.model.Scope>> com.capitalone.dashboard.rest.ScopeController.scope(java.lang.String,java.lang.String)
2018-05-17 19:31:30,123 INFO  o.s.w.s.m.m.a.RequestMappingHandlerMapping - Mapped "{[/scopecollector/{collectorId}],methods=[GET],produces=[application/json]}" onto public java.util.List<com.capitalone.dashboard.model.Scope> com.capitalone.dashboard.rest.ScopeController.teamsByCollector(java.lang.String)
2018-05-17 19:31:30,123 INFO  o.s.w.s.m.m.a.RequestMappingHandlerMapping - Mapped "{[/scope],methods=[GET],produces=[application/json]}" onto public java.util.List<com.capitalone.dashboard.model.Scope> com.capitalone.dashboard.rest.ScopeController.allScopes()
2018-05-17 19:31:30,124 INFO  o.s.w.s.m.m.a.RequestMappingHandlerMapping - Mapped "{[/scopecollector/page/{collectorId}],methods=[GET],produces=[application/json]}" onto public org.springframework.http.ResponseEntity<java.util.List<com.capitalone.dashboard.model.Scope>> com.capitalone.dashboard.rest.ScopeController.teamsByCollectorPage(java.lang.String,java.lang.String,org.springframework.data.domain.Pageable)
2018-05-17 19:31:30,126 INFO  o.s.w.s.m.m.a.RequestMappingHandlerMapping - Mapped "{[/score/metric/{dashboardId}],methods=[GET],produces=[application/json]}" onto public com.capitalone.dashboard.model.DataResponse<com.capitalone.dashboard.model.score.ScoreMetric> com.capitalone.dashboard.rest.ScoreController.scoreMetric(org.bson.types.ObjectId)
2018-05-17 19:31:30,127 INFO  o.s.w.s.m.m.a.RequestMappingHandlerMapping - Mapped "{[/artifact],methods=[POST],consumes=[application/json],produces=[application/json]}" onto public org.springframework.http.ResponseEntity<java.lang.String> com.capitalone.dashboard.rest.BinaryArtifactController.create(com.capitalone.dashboard.request.BinaryArtifactCreateRequest) throws com.capitalone.dashboard.misc.HygieiaException
2018-05-17 19:31:30,128 INFO  o.s.w.s.m.m.a.RequestMappingHandlerMapping - Mapped "{[/artifact],methods=[GET],produces=[application/json]}" onto public com.capitalone.dashboard.model.DataResponse<java.lang.Iterable<com.capitalone.dashboard.model.BinaryArtifact>> com.capitalone.dashboard.rest.BinaryArtifactController.search(com.capitalone.dashboard.request.BinaryArtifactSearchRequest)
2018-05-17 19:31:30,130 INFO  o.s.w.s.m.m.a.RequestMappingHandlerMapping - Mapped "{[/maturityModel/profiles],methods=[GET],produces=[application/json]}" onto public org.springframework.http.ResponseEntity<java.util.List<java.lang.String>> com.capitalone.dashboard.rest.MaturityModelController.getMaturiyModelProfiles()
2018-05-17 19:31:30,131 INFO  o.s.w.s.m.m.a.RequestMappingHandlerMapping - Mapped "{[/maturityModel/profile/{profile}],methods=[GET],produces=[application/json]}" onto public org.springframework.http.ResponseEntity<com.capitalone.dashboard.model.MaturityModel> com.capitalone.dashboard.rest.MaturityModelController.getMaturiyModel(java.lang.String)
2018-05-17 19:31:30,133 INFO  o.s.w.s.m.m.a.RequestMappingHandlerMapping - Mapped "{[/team/{teamId}],methods=[GET],produces=[application/json]}" onto public com.capitalone.dashboard.model.DataResponse<com.capitalone.dashboard.model.Team> com.capitalone.dashboard.rest.TeamController.team(java.lang.String,java.lang.String)
2018-05-17 19:31:30,134 INFO  o.s.w.s.m.m.a.RequestMappingHandlerMapping - Mapped "{[/team],methods=[GET],produces=[application/json]}" onto public java.util.List<com.capitalone.dashboard.model.Team> com.capitalone.dashboard.rest.TeamController.allTeams()
2018-05-17 19:31:30,134 INFO  o.s.w.s.m.m.a.RequestMappingHandlerMapping - Mapped "{[/teamcollector/{collectorId}],methods=[GET],produces=[application/json]}" onto public java.util.List<com.capitalone.dashboard.model.Team> com.capitalone.dashboard.rest.TeamController.teamsByCollector(java.lang.String)
2018-05-17 19:31:30,134 INFO  o.s.w.s.m.m.a.RequestMappingHandlerMapping - Mapped "{[/teamcollector/page/{collectorId}],methods=[GET],produces=[application/json]}" onto public org.springframework.http.ResponseEntity<java.util.List<com.capitalone.dashboard.model.Team>> com.capitalone.dashboard.rest.TeamController.teamsByCollectorPage(java.lang.String,java.lang.String,org.springframework.data.domain.Pageable)
2018-05-17 19:31:30,135 INFO  o.s.w.s.m.m.a.RequestMappingHandlerMapping - Mapped "{[/libraryPolicy],methods=[GET],produces=[application/json]}" onto public com.capitalone.dashboard.model.DataResponse<java.util.List<com.capitalone.dashboard.model.LibraryPolicyResult>> com.capitalone.dashboard.rest.LibraryPolicyController.libraryPolicySearch(com.capitalone.dashboard.request.LibraryPolicyRequest)
2018-05-17 19:31:30,139 INFO  o.s.w.s.m.m.a.RequestMappingHandlerMapping - Mapped "{[/dashboard/{id}/dependent-service/{serviceId}],methods=[POST],produces=[application/json]}" onto public org.springframework.http.ResponseEntity<com.capitalone.dashboard.model.Service> com.capitalone.dashboard.rest.ServiceController.addDependentService(org.bson.types.ObjectId,org.bson.types.ObjectId)
2018-05-17 19:31:30,140 INFO  o.s.w.s.m.m.a.RequestMappingHandlerMapping - Mapped "{[/dashboard/{id}/dependent-service/{serviceId}],methods=[DELETE]}" onto public org.springframework.http.ResponseEntity<java.lang.Void> com.capitalone.dashboard.rest.ServiceController.deleteDependentService(org.bson.types.ObjectId,org.bson.types.ObjectId)
2018-05-17 19:31:30,141 INFO  o.s.w.s.m.m.a.RequestMappingHandlerMapping - Mapped "{[/dashboard/{id}/service/{serviceId}],methods=[GET]}" onto public org.springframework.http.ResponseEntity<java.lang.Void> com.capitalone.dashboard.rest.ServiceController.refreshService(org.bson.types.ObjectId,org.bson.types.ObjectId)
2018-05-17 19:31:30,141 INFO  o.s.w.s.m.m.a.RequestMappingHandlerMapping - Mapped "{[/dashboard/{id}/service/{serviceId}],methods=[GET],consumes=[application/json]}" onto public org.springframework.http.ResponseEntity<com.capitalone.dashboard.model.Service> com.capitalone.dashboard.rest.ServiceController.refreshService(org.bson.types.ObjectId,org.bson.types.ObjectId,com.capitalone.dashboard.request.ServiceRequest)
2018-05-17 19:31:30,141 INFO  o.s.w.s.m.m.a.RequestMappingHandlerMapping - Mapped "{[/service],methods=[GET],produces=[application/json]}" onto public java.lang.Iterable<com.capitalone.dashboard.model.Service> com.capitalone.dashboard.rest.ServiceController.services()
2018-05-17 19:31:30,141 INFO  o.s.w.s.m.m.a.RequestMappingHandlerMapping - Mapped "{[/dashboard/{id}/service],methods=[GET],produces=[application/json]}" onto public com.capitalone.dashboard.model.DataResponse<java.util.Map<java.lang.String, java.util.List<com.capitalone.dashboard.model.Service>>> com.capitalone.dashboard.rest.ServiceController.dashboardServices(org.bson.types.ObjectId)
2018-05-17 19:31:30,142 INFO  o.s.w.s.m.m.a.RequestMappingHandlerMapping - Mapped "{[/dashboard/{id}/service/{serviceId}],methods=[DELETE]}" onto public org.springframework.http.ResponseEntity<java.lang.Void> com.capitalone.dashboard.rest.ServiceController.deleteService(org.bson.types.ObjectId,org.bson.types.ObjectId)
2018-05-17 19:31:30,142 INFO  o.s.w.s.m.m.a.RequestMappingHandlerMapping - Mapped "{[/dashboard/{id}/service],methods=[POST],consumes=[application/json],produces=[application/json]}" onto public org.springframework.http.ResponseEntity<com.capitalone.dashboard.model.Service> com.capitalone.dashboard.rest.ServiceController.createService(org.bson.types.ObjectId,com.capitalone.dashboard.request.ServiceRequest)
2018-05-17 19:31:30,142 INFO  o.s.w.s.m.m.a.RequestMappingHandlerMapping - Mapped "{[/dashboard/{id}/service/{serviceId}],methods=[PUT],consumes=[application/json]}" onto public org.springframework.http.ResponseEntity<com.capitalone.dashboard.model.Service> com.capitalone.dashboard.rest.ServiceController.updateService(org.bson.types.ObjectId,org.bson.types.ObjectId,com.capitalone.dashboard.request.ServiceRequest)
2018-05-17 19:31:30,144 INFO  o.s.w.s.m.m.a.RequestMappingHandlerMapping - Mapped "{[/updateUser],methods=[POST],consumes=[application/json],produces=[application/json]}" onto public org.springframework.http.ResponseEntity<java.lang.String> com.capitalone.dashboard.rest.AuthenticationController.updateUser(com.capitalone.dashboard.request.AuthenticationRequest)
2018-05-17 19:31:30,145 INFO  o.s.w.s.m.m.a.RequestMappingHandlerMapping - Mapped "{[/registerUser],methods=[POST],consumes=[application/json],produces=[application/json]}" onto public org.springframework.http.ResponseEntity<java.lang.Void> com.capitalone.dashboard.rest.AuthenticationController.registerUser(javax.servlet.http.HttpServletRequest,javax.servlet.http.HttpServletResponse,com.capitalone.dashboard.request.AuthenticationRequest) throws java.io.IOException,javax.servlet.ServletException
2018-05-17 19:31:30,145 INFO  o.s.w.s.m.m.a.RequestMappingHandlerMapping - Mapped "{[/authenticationProviders],methods=[GET],produces=[application/json]}" onto public java.util.List<com.capitalone.dashboard.model.AuthType> com.capitalone.dashboard.rest.AuthenticationController.getAuthenticationProviders()
2018-05-17 19:31:30,147 INFO  o.s.w.s.m.m.a.RequestMappingHandlerMapping - Mapped "{[/feature/{number}],methods=[GET],produces=[application/json]}" onto public com.capitalone.dashboard.model.DataResponse<java.util.List<com.capitalone.dashboard.model.Feature>> com.capitalone.dashboard.rest.FeatureController.story(java.lang.String,java.lang.String)
2018-05-17 19:31:30,147 INFO  o.s.w.s.m.m.a.RequestMappingHandlerMapping - Mapped "{[/feature],methods=[GET],produces=[application/json]}" onto public com.capitalone.dashboard.model.DataResponse<java.util.List<com.capitalone.dashboard.model.Feature>> com.capitalone.dashboard.rest.FeatureController.relevantStories(java.lang.String,java.util.Optional<java.lang.String>,java.lang.String,java.lang.String)
2018-05-17 19:31:30,148 INFO  o.s.w.s.m.m.a.RequestMappingHandlerMapping - Mapped "{[/iteration],methods=[GET],produces=[application/json]}" onto public com.capitalone.dashboard.model.DataResponse<java.util.List<com.capitalone.dashboard.model.Feature>> com.capitalone.dashboard.rest.FeatureController.currentSprintDetail(java.lang.String,java.util.Optional<java.lang.String>,java.lang.String,java.lang.String)
2018-05-17 19:31:30,148 INFO  o.s.w.s.m.m.a.RequestMappingHandlerMapping - Mapped "{[/feature/estimates/super],methods=[GET],produces=[application/json]}" onto public com.capitalone.dashboard.model.DataResponse<java.util.List<com.capitalone.dashboard.model.Feature>> com.capitalone.dashboard.rest.FeatureController.featureEpics(java.lang.String,java.util.Optional<java.lang.String>,java.util.Optional<java.lang.String>,java.lang.String,java.lang.String)
2018-05-17 19:31:30,148 INFO  o.s.w.s.m.m.a.RequestMappingHandlerMapping - Mapped "{[/feature/estimates/aggregatedsprints],methods=[GET],produces=[application/json]}" onto public com.capitalone.dashboard.model.DataResponse<com.capitalone.dashboard.model.SprintEstimate> com.capitalone.dashboard.rest.FeatureController.featureAggregatedSprintEstimates(java.lang.String,java.util.Optional<java.lang.String>,java.util.Optional<java.lang.String>,java.lang.String,java.lang.String)
2018-05-17 19:31:30,149 INFO  o.s.w.s.m.m.a.RequestMappingHandlerMapping - Mapped "{[/feature/estimates/total/{teamId}],methods=[GET],produces=[application/json]}" onto public com.capitalone.dashboard.model.DataResponse<java.util.List<com.capitalone.dashboard.model.Feature>> com.capitalone.dashboard.rest.FeatureController.featureTotalEstimate(java.util.Optional<java.lang.String>,java.util.Optional<java.lang.String>,java.lang.String,java.lang.String)
2018-05-17 19:31:30,149 INFO  o.s.w.s.m.m.a.RequestMappingHandlerMapping - Mapped "{[/feature/estimates/wip/{teamId}],methods=[GET],produces=[application/json]}" onto public com.capitalone.dashboard.model.DataResponse<java.util.List<com.capitalone.dashboard.model.Feature>> com.capitalone.dashboard.rest.FeatureController.featureInProgressEstimate(java.util.Optional<java.lang.String>,java.util.Optional<java.lang.String>,java.lang.String,java.lang.String)
2018-05-17 19:31:30,149 INFO  o.s.w.s.m.m.a.RequestMappingHandlerMapping - Mapped "{[/feature/estimates/done/{teamId}],methods=[GET],produces=[application/json]}" onto public com.capitalone.dashboard.model.DataResponse<java.util.List<com.capitalone.dashboard.model.Feature>> com.capitalone.dashboard.rest.FeatureController.featureDoneEstimate(java.util.Optional<java.lang.String>,java.util.Optional<java.lang.String>,java.lang.String,java.lang.String)
2018-05-17 19:31:30,153 INFO  o.s.w.s.m.m.a.RequestMappingHandlerMapping - Mapped "{[/admin/users/addAdmin],methods=[POST]}" onto public org.springframework.http.ResponseEntity<com.capitalone.dashboard.model.UserInfo> com.capitalone.dashboard.rest.AdminController.addAdmin(com.capitalone.dashboard.model.UserInfo)
2018-05-17 19:31:30,154 INFO  o.s.w.s.m.m.a.RequestMappingHandlerMapping - Mapped "{[/admin/users/removeAdmin],methods=[POST]}" onto public org.springframework.http.ResponseEntity<com.capitalone.dashboard.model.UserInfo> com.capitalone.dashboard.rest.AdminController.removeAuthorityFromUser(com.capitalone.dashboard.model.UserInfo)
2018-05-17 19:31:30,155 INFO  o.s.w.s.m.m.a.RequestMappingHandlerMapping - Mapped "{[/admin/createToken],methods=[POST],consumes=[application/json],produces=[application/json]}" onto public org.springframework.http.ResponseEntity<java.lang.String> com.capitalone.dashboard.rest.AdminController.createToken(com.capitalone.dashboard.request.ApiTokenRequest)
2018-05-17 19:31:30,155 INFO  o.s.w.s.m.m.a.RequestMappingHandlerMapping - Mapped "{[/admin/apitokens],methods=[GET]}" onto public java.util.Collection<com.capitalone.dashboard.model.ApiToken> com.capitalone.dashboard.rest.AdminController.getApiTokens()
2018-05-17 19:31:30,156 INFO  o.s.w.s.m.m.a.RequestMappingHandlerMapping - Mapped "{[/admin/deleteToken/{id}],methods=[DELETE]}" onto public org.springframework.http.ResponseEntity<java.lang.Void> com.capitalone.dashboard.rest.AdminController.deleteToken(org.bson.types.ObjectId)
2018-05-17 19:31:30,156 INFO  o.s.w.s.m.m.a.RequestMappingHandlerMapping - Mapped "{[/admin/updateToken/{id}],methods=[POST],consumes=[application/json],produces=[application/json]}" onto public org.springframework.http.ResponseEntity<java.lang.String> com.capitalone.dashboard.rest.AdminController.updateToken(com.capitalone.dashboard.request.ApiTokenRequest,org.bson.types.ObjectId)
2018-05-17 19:31:30,158 INFO  o.s.w.s.m.m.a.RequestMappingHandlerMapping - Mapped "{[/template],methods=[POST],consumes=[application/json],produces=[application/json]}" onto public org.springframework.http.ResponseEntity<com.capitalone.dashboard.model.Template> com.capitalone.dashboard.rest.TemplateController.createTemplate(com.capitalone.dashboard.request.CreateTemplateRequest)
2018-05-17 19:31:30,158 INFO  o.s.w.s.m.m.a.RequestMappingHandlerMapping - Mapped "{[/template/{id}],methods=[PUT],consumes=[application/json]}" onto public org.springframework.http.ResponseEntity<java.lang.String> com.capitalone.dashboard.rest.TemplateController.updateTemplate(org.bson.types.ObjectId,com.capitalone.dashboard.request.CreateTemplateRequest)
2018-05-17 19:31:30,159 INFO  o.s.w.s.m.m.a.RequestMappingHandlerMapping - Mapped "{[/template/{id}],methods=[DELETE]}" onto public org.springframework.http.ResponseEntity<java.lang.Void> com.capitalone.dashboard.rest.TemplateController.deleteTemplate(org.bson.types.ObjectId)
2018-05-17 19:31:30,159 INFO  o.s.w.s.m.m.a.RequestMappingHandlerMapping - Mapped "{[/template/{template}],methods=[GET],produces=[application/json]}" onto public com.capitalone.dashboard.model.Template com.capitalone.dashboard.rest.TemplateController.getTemplate(java.lang.String)
2018-05-17 19:31:30,159 INFO  o.s.w.s.m.m.a.RequestMappingHandlerMapping - Mapped "{[/templates],methods=[GET],produces=[application/json]}" onto public java.lang.Iterable<com.capitalone.dashboard.model.Template> com.capitalone.dashboard.rest.TemplateController.templates()
2018-05-17 19:31:30,165 INFO  o.s.w.s.m.m.a.RequestMappingHandlerMapping - Mapped "{[/cloud/instance/history/account/{accountNumber}],methods=[GET],produces=[application/json]}" onto public org.springframework.http.ResponseEntity<java.util.Collection<com.capitalone.dashboard.model.CloudInstanceHistory>> com.capitalone.dashboard.rest.CloudInstanceController.getInstanceAggregatedDataByAccount(java.lang.String)
2018-05-17 19:31:30,165 INFO  o.s.w.s.m.m.a.RequestMappingHandlerMapping - Mapped "{[/cloud/instance/details/component/{componentId}],methods=[GET],produces=[application/json]}" onto public org.springframework.http.ResponseEntity<java.util.Collection<com.capitalone.dashboard.model.CloudInstance>> com.capitalone.dashboard.rest.CloudInstanceController.getInstanceDetailsByComponentId(java.lang.String)
2018-05-17 19:31:30,165 INFO  o.s.w.s.m.m.a.RequestMappingHandlerMapping - Mapped "{[/cloud/instance/details/instances/{instanceIds}],methods=[GET],produces=[application/json]}" onto public org.springframework.http.ResponseEntity<java.util.Collection<com.capitalone.dashboard.model.CloudInstance>> com.capitalone.dashboard.rest.CloudInstanceController.getInstanceDetailsByInstanceIds(java.util.List<java.lang.String>)
2018-05-17 19:31:30,165 INFO  o.s.w.s.m.m.a.RequestMappingHandlerMapping - Mapped "{[/cloud/instance/details/tags],methods=[POST],consumes=[application/json],produces=[application/json]}" onto public org.springframework.http.ResponseEntity<java.util.Collection<com.capitalone.dashboard.model.CloudInstance>> com.capitalone.dashboard.rest.CloudInstanceController.getInstanceDetailsByTags(java.util.List<com.capitalone.dashboard.model.NameValue>)
2018-05-17 19:31:30,165 INFO  o.s.w.s.m.m.a.RequestMappingHandlerMapping - Mapped "{[/cloud/instance/details/account/{accountNumber}],methods=[GET],produces=[application/json]}" onto public org.springframework.http.ResponseEntity<java.util.Collection<com.capitalone.dashboard.model.CloudInstance>> com.capitalone.dashboard.rest.CloudInstanceController.getInstanceDetailsByAccount(java.lang.String)
2018-05-17 19:31:30,166 INFO  o.s.w.s.m.m.a.RequestMappingHandlerMapping - Mapped "{[/cloud/instance/refresh],methods=[POST],consumes=[application/json],produces=[application/json]}" onto public org.springframework.http.ResponseEntity<java.util.Collection<java.lang.String>> com.capitalone.dashboard.rest.CloudInstanceController.refreshInstances(com.capitalone.dashboard.request.CloudInstanceListRefreshRequest)
2018-05-17 19:31:30,166 INFO  o.s.w.s.m.m.a.RequestMappingHandlerMapping - Mapped "{[/cloud/instance/create],methods=[POST],consumes=[application/json],produces=[application/json]}" onto public org.springframework.http.ResponseEntity<java.util.List<java.lang.String>> com.capitalone.dashboard.rest.CloudInstanceController.upsertInstance(java.util.List<com.capitalone.dashboard.request.CloudInstanceCreateRequest>) throws com.capitalone.dashboard.misc.HygieiaException
2018-05-17 19:31:30,166 INFO  o.s.w.s.m.m.a.RequestMappingHandlerMapping - Mapped "{[/gitrequests/github/v3],methods=[POST],consumes=[application/json],produces=[application/json]}" onto public org.springframework.http.ResponseEntity<java.lang.String> com.capitalone.dashboard.rest.GitRequestController.createGitHubv3(org.json.simple.JSONObject) throws org.json.simple.parser.ParseException,com.capitalone.dashboard.misc.HygieiaException
2018-05-17 19:31:30,167 INFO  o.s.w.s.m.m.a.RequestMappingHandlerMapping - Mapped "{[/gitrequests/type/{type}/state/{state}],methods=[GET],produces=[application/json]}" onto public com.capitalone.dashboard.model.DataResponse<java.lang.Iterable<com.capitalone.dashboard.model.GitRequest>> com.capitalone.dashboard.rest.GitRequestController.search(com.capitalone.dashboard.request.GitRequestRequest,java.lang.String,java.lang.String)
2018-05-17 19:31:30,167 INFO  o.s.w.s.m.m.a.RequestMappingHandlerMapping - Mapped "{[/quality/test],methods=[GET],produces=[application/json]}" onto public com.capitalone.dashboard.model.DataResponse<java.lang.Iterable<com.capitalone.dashboard.model.TestResult>> com.capitalone.dashboard.rest.TestResultController.qualityData(com.capitalone.dashboard.request.TestResultRequest)
2018-05-17 19:31:30,167 INFO  o.s.w.s.m.m.a.RequestMappingHandlerMapping - Mapped "{[/quality/test],methods=[POST],consumes=[application/json],produces=[application/json]}" onto public org.springframework.http.ResponseEntity<java.lang.String> com.capitalone.dashboard.rest.TestResultController.createTest(com.capitalone.dashboard.request.TestDataCreateRequest) throws com.capitalone.dashboard.misc.HygieiaException
2018-05-17 19:31:30,167 INFO  o.s.w.s.m.m.a.RequestMappingHandlerMapping - Mapped "{[/quality/testresult],methods=[POST],consumes=[application/json],produces=[application/json]}" onto public org.springframework.http.ResponseEntity<java.lang.String> com.capitalone.dashboard.rest.TestResultController.createPerfTest(com.capitalone.dashboard.request.PerfTestDataCreateRequest) throws com.capitalone.dashboard.misc.HygieiaException
2018-05-17 19:31:30,168 INFO  o.s.w.s.m.m.a.RequestMappingHandlerMapping - Mapped "{[/cmdb/configItem/{itemType}],methods=[GET],produces=[application/json]}" onto public org.springframework.http.ResponseEntity<java.util.List<com.capitalone.dashboard.model.Cmdb>> com.capitalone.dashboard.rest.CmdbController.getConfigItemByType(java.lang.String,java.lang.String,org.springframework.data.domain.Pageable)
2018-05-17 19:31:30,169 INFO  o.s.w.s.m.m.a.RequestMappingHandlerMapping - Mapped "{[/cloud/volume/details/component/{componentId}],methods=[GET],produces=[application/json]}" onto public org.springframework.http.ResponseEntity<java.util.Collection<com.capitalone.dashboard.model.CloudVolumeStorage>> com.capitalone.dashboard.rest.CloudVolumeController.getVolumeDetailsByComponentId(java.lang.String)
2018-05-17 19:31:30,169 INFO  o.s.w.s.m.m.a.RequestMappingHandlerMapping - Mapped "{[/cloud/volume/details/volumes/{volumeIds}],methods=[GET],produces=[application/json]}" onto public org.springframework.http.ResponseEntity<java.util.Collection<com.capitalone.dashboard.model.CloudVolumeStorage>> com.capitalone.dashboard.rest.CloudVolumeController.getVolumeDetailsByVolumeIds(java.util.List<java.lang.String>)
2018-05-17 19:31:30,169 INFO  o.s.w.s.m.m.a.RequestMappingHandlerMapping - Mapped "{[/cloud/volume/details/tags],methods=[POST],consumes=[application/json],produces=[application/json]}" onto public org.springframework.http.ResponseEntity<java.util.Collection<com.capitalone.dashboard.model.CloudVolumeStorage>> com.capitalone.dashboard.rest.CloudVolumeController.getVolumeDetailsByTags(java.util.List<com.capitalone.dashboard.model.NameValue>)
2018-05-17 19:31:30,170 INFO  o.s.w.s.m.m.a.RequestMappingHandlerMapping - Mapped "{[/cloud/volume/details/account/{accountNumber}],methods=[GET],produces=[application/json]}" onto public org.springframework.http.ResponseEntity<java.util.Collection<com.capitalone.dashboard.model.CloudVolumeStorage>> com.capitalone.dashboard.rest.CloudVolumeController.getVolumeDetailsByAccount(java.lang.String)
2018-05-17 19:31:30,170 INFO  o.s.w.s.m.m.a.RequestMappingHandlerMapping - Mapped "{[/cloud/volume/aggregate/component/{componentId}],methods=[GET],produces=[application/json]}" onto public org.springframework.http.ResponseEntity<com.capitalone.dashboard.response.CloudVolumeAggregatedResponse> com.capitalone.dashboard.rest.CloudVolumeController.getVolumeAggregatedData(java.lang.String)
2018-05-17 19:31:30,170 INFO  o.s.w.s.m.m.a.RequestMappingHandlerMapping - Mapped "{[/cloud/volume/details/instanceIds],methods=[POST],consumes=[application/json],produces=[application/json]}" onto public org.springframework.http.ResponseEntity<java.util.Collection<com.capitalone.dashboard.model.CloudVolumeStorage>> com.capitalone.dashboard.rest.CloudVolumeController.getVolumeDetailsByInstanceIds(java.util.List<java.lang.String>)
2018-05-17 19:31:30,170 INFO  o.s.w.s.m.m.a.RequestMappingHandlerMapping - Mapped "{[/cloud/volume/refresh],methods=[POST],consumes=[application/json],produces=[application/json]}" onto public org.springframework.http.ResponseEntity<java.util.Collection<java.lang.String>> com.capitalone.dashboard.rest.CloudVolumeController.refreshVolumes(com.capitalone.dashboard.request.CloudVolumeListRefreshRequest)
2018-05-17 19:31:30,172 INFO  o.s.w.s.m.m.a.RequestMappingHandlerMapping - Mapped "{[/cloud/volume/create],methods=[POST],consumes=[application/json],produces=[application/json]}" onto public org.springframework.http.ResponseEntity<java.util.List<java.lang.String>> com.capitalone.dashboard.rest.CloudVolumeController.upsertVolume(java.util.List<com.capitalone.dashboard.request.CloudVolumeCreateRequest>)
2018-05-17 19:31:30,175 INFO  o.s.w.s.m.m.a.RequestMappingHandlerMapping - Mapped "{[/collector/item/component/{id}],methods=[GET],produces=[application/json]}" onto public org.springframework.http.ResponseEntity<java.util.List<com.capitalone.dashboard.model.CollectorItem>> com.capitalone.dashboard.rest.CollectorController.getCollectorItemByComponentId(java.lang.String,java.lang.String)
2018-05-17 19:31:30,176 INFO  o.s.w.s.m.m.a.RequestMappingHandlerMapping - Mapped "{[/collector/item/type/{collectorType}],methods=[GET],produces=[application/json]}" onto public org.springframework.http.ResponseEntity<java.util.List<com.capitalone.dashboard.model.CollectorItem>> com.capitalone.dashboard.rest.CollectorController.collectorItemsByType(com.capitalone.dashboard.model.CollectorType,java.lang.String,org.springframework.data.domain.Pageable)
2018-05-17 19:31:30,177 INFO  o.s.w.s.m.m.a.RequestMappingHandlerMapping - Mapped "{[/collector/collectorId/{id}],methods=[GET],produces=[application/json]}" onto public java.util.List<com.capitalone.dashboard.model.Collector> com.capitalone.dashboard.rest.CollectorController.collectorsByType(org.bson.types.ObjectId)
2018-05-17 19:31:30,177 INFO  o.s.w.s.m.m.a.RequestMappingHandlerMapping - Mapped "{[/collector/type/{collectorType}],methods=[GET],produces=[application/json]}" onto public java.util.List<com.capitalone.dashboard.model.Collector> com.capitalone.dashboard.rest.CollectorController.collectorsByType(com.capitalone.dashboard.model.CollectorType)
2018-05-17 19:31:30,177 INFO  o.s.w.s.m.m.a.RequestMappingHandlerMapping - Mapped "{[/collector],methods=[POST],consumes=[application/json],produces=[application/json]}" onto public com.capitalone.dashboard.model.Collector com.capitalone.dashboard.rest.CollectorController.createCollector(com.capitalone.dashboard.request.CollectorRequest)
2018-05-17 19:31:30,177 INFO  o.s.w.s.m.m.a.RequestMappingHandlerMapping - Mapped "{[/collector/item/{id}],methods=[GET],produces=[application/json]}" onto public org.springframework.http.ResponseEntity<com.capitalone.dashboard.model.CollectorItem> com.capitalone.dashboard.rest.CollectorController.getCollectorItem(org.bson.types.ObjectId)
2018-05-17 19:31:30,177 INFO  o.s.w.s.m.m.a.RequestMappingHandlerMapping - Mapped "{[/collector/item],methods=[POST],consumes=[application/json],produces=[application/json]}" onto public org.springframework.http.ResponseEntity<com.capitalone.dashboard.model.CollectorItem> com.capitalone.dashboard.rest.CollectorController.createCollectorItem(com.capitalone.dashboard.request.CollectorItemRequest)
2018-05-17 19:31:30,178 INFO  o.s.w.s.m.m.a.RequestMappingHandlerMapping - Mapped "{[/commit/github/v3],methods=[POST],consumes=[application/json],produces=[application/json]}" onto public org.springframework.http.ResponseEntity<java.lang.String> com.capitalone.dashboard.rest.ZCommitController.createGitHubv3(org.json.simple.JSONObject) throws org.json.simple.parser.ParseException,com.capitalone.dashboard.misc.HygieiaException
2018-05-17 19:31:30,178 INFO  o.s.w.s.m.m.a.RequestMappingHandlerMapping - Mapped "{[/commit],methods=[GET],produces=[application/json]}" onto public com.capitalone.dashboard.model.DataResponse<java.lang.Iterable<com.capitalone.dashboard.model.Commit>> com.capitalone.dashboard.rest.ZCommitController.search(com.capitalone.dashboard.request.CommitRequest)
2018-05-17 19:31:30,179 INFO  o.s.w.s.m.m.a.RequestMappingHandlerMapping - Mapped "{[/build],methods=[POST],consumes=[application/json],produces=[application/json]}" onto public org.springframework.http.ResponseEntity<java.lang.String> com.capitalone.dashboard.rest.BuildController.createBuild(com.capitalone.dashboard.request.BuildDataCreateRequest) throws com.capitalone.dashboard.misc.HygieiaException
2018-05-17 19:31:30,179 INFO  o.s.w.s.m.m.a.RequestMappingHandlerMapping - Mapped "{[/build],methods=[GET],produces=[application/json]}" onto public com.capitalone.dashboard.model.DataResponse<java.lang.Iterable<com.capitalone.dashboard.model.Build>> com.capitalone.dashboard.rest.BuildController.builds(com.capitalone.dashboard.request.BuildSearchRequest)
2018-05-17 19:31:30,185 INFO  o.s.w.s.m.m.a.RequestMappingHandlerMapping - Mapped "{[/dashboard/component/{componentId}],methods=[GET],produces=[application/json]}" onto public com.capitalone.dashboard.model.Component com.capitalone.dashboard.rest.DashboardController.getComponentForDashboard(org.bson.types.ObjectId)
2018-05-17 19:31:30,187 INFO  o.s.w.s.m.m.a.RequestMappingHandlerMapping - Mapped "{[/dashboard/configItemApp/{configItem}],methods=[GET],produces=[application/json]}" onto public org.springframework.http.ResponseEntity com.capitalone.dashboard.rest.DashboardController.getDashboardByApp(java.lang.String)
2018-05-17 19:31:30,187 INFO  o.s.w.s.m.m.a.RequestMappingHandlerMapping - Mapped "{[/dashboard/configItemComponent/{configItem}],methods=[GET],produces=[application/json]}" onto public org.springframework.http.ResponseEntity com.capitalone.dashboard.rest.DashboardController.getDashboardByComp(java.lang.String)
2018-05-17 19:31:30,187 INFO  o.s.w.s.m.m.a.RequestMappingHandlerMapping - Mapped "{[/dashboard/configItemComponentAndApp/{configItemComp}/{configItemApp}],methods=[GET],produces=[application/json]}" onto public org.springframework.http.ResponseEntity com.capitalone.dashboard.rest.DashboardController.getDashboardByCompAndApp(java.lang.String,java.lang.String)
2018-05-17 19:31:30,187 INFO  o.s.w.s.m.m.a.RequestMappingHandlerMapping - Mapped "{[/dashboard/count/{type}],methods=[GET],produces=[application/json]}" onto public long com.capitalone.dashboard.rest.DashboardController.dashboardsCount(java.lang.String)
2018-05-17 19:31:30,188 INFO  o.s.w.s.m.m.a.RequestMappingHandlerMapping - Mapped "{[/dashboard/filter/count/{title}/{type}],methods=[GET],produces=[application/json]}" onto public long com.capitalone.dashboard.rest.DashboardController.dashboardsFilterCount(java.lang.String,java.lang.String)
2018-05-17 19:31:30,188 INFO  o.s.w.s.m.m.a.RequestMappingHandlerMapping - Mapped "{[/dashboard/page/filter],methods=[GET],produces=[application/json]}" onto public org.springframework.http.ResponseEntity<java.util.List<com.capitalone.dashboard.model.Dashboard>> com.capitalone.dashboard.rest.DashboardController.dashboardByTitlePage(java.lang.String,java.lang.String,org.springframework.data.domain.Pageable) throws com.capitalone.dashboard.misc.HygieiaException
2018-05-17 19:31:30,188 INFO  o.s.w.s.m.m.a.RequestMappingHandlerMapping - Mapped "{[/dashboard/page],methods=[GET],produces=[application/json]}" onto public org.springframework.http.ResponseEntity<java.util.List<com.capitalone.dashboard.model.Dashboard>> com.capitalone.dashboard.rest.DashboardController.dashboardByPage(java.lang.String,java.lang.String,org.springframework.data.domain.Pageable)
2018-05-17 19:31:30,189 INFO  o.s.w.s.m.m.a.RequestMappingHandlerMapping - Mapped "{[/dashboard/mydashboard/page],methods=[GET],produces=[application/json]}" onto public org.springframework.http.ResponseEntity<java.util.List<com.capitalone.dashboard.model.Dashboard>> com.capitalone.dashboard.rest.DashboardController.myDashboardByPage(java.lang.String,java.lang.String,org.springframework.data.domain.Pageable)
2018-05-17 19:31:30,189 INFO  o.s.w.s.m.m.a.RequestMappingHandlerMapping - Mapped "{[/dashboard/mydashboard/count/{type}],methods=[GET],produces=[application/json]}" onto public long com.capitalone.dashboard.rest.DashboardController.myDashboardCount(java.lang.String)
2018-05-17 19:31:30,189 INFO  o.s.w.s.m.m.a.RequestMappingHandlerMapping - Mapped "{[/dashboard/mydashboard/filter/count/{title}/{type}],methods=[GET],produces=[application/json]}" onto public long com.capitalone.dashboard.rest.DashboardController.myDashboardsFilterCount(java.lang.String,java.lang.String)
2018-05-17 19:31:30,189 INFO  o.s.w.s.m.m.a.RequestMappingHandlerMapping - Mapped "{[/dashboard/mydashboard/page/filter],methods=[GET],produces=[application/json]}" onto public org.springframework.http.ResponseEntity<java.util.List<com.capitalone.dashboard.model.Dashboard>> com.capitalone.dashboard.rest.DashboardController.myDashboardByTitlePage(java.lang.String,java.lang.String,org.springframework.data.domain.Pageable) throws com.capitalone.dashboard.misc.HygieiaException
2018-05-17 19:31:30,190 INFO  o.s.w.s.m.m.a.RequestMappingHandlerMapping - Mapped "{[/dashboard/myowner/{id}],methods=[GET],produces=[application/json]}" onto public java.lang.String com.capitalone.dashboard.rest.DashboardController.getDashboardOwner(org.bson.types.ObjectId)
2018-05-17 19:31:30,190 INFO  o.s.w.s.m.m.a.RequestMappingHandlerMapping - Mapped "{[/dashboard/updateBusItems/{id}],methods=[PUT],consumes=[application/json]}" onto public org.springframework.http.ResponseEntity<java.lang.String> com.capitalone.dashboard.rest.DashboardController.updateDashboardBusinessItems(org.bson.types.ObjectId,com.capitalone.dashboard.model.Dashboard)
2018-05-17 19:31:30,191 INFO  o.s.w.s.m.m.a.RequestMappingHandlerMapping - Mapped "{[/dashboard/{id}],methods=[PUT],consumes=[application/json]}" onto public org.springframework.http.ResponseEntity<java.lang.String> com.capitalone.dashboard.rest.DashboardController.updateDashboard(org.bson.types.ObjectId,com.capitalone.dashboard.request.DashboardRequest)
2018-05-17 19:31:30,191 INFO  o.s.w.s.m.m.a.RequestMappingHandlerMapping - Mapped "{[/dashboard/updateDashboardWidgets/{id}],methods=[PUT],consumes=[application/json]}" onto public org.springframework.http.ResponseEntity<java.lang.String> com.capitalone.dashboard.rest.DashboardController.updateDashboardWidgets(org.bson.types.ObjectId,com.capitalone.dashboard.model.Dashboard)
2018-05-17 19:31:30,192 INFO  o.s.w.s.m.m.a.RequestMappingHandlerMapping - Mapped "{[/dashboard/{id}/deleteWidget/{widgetId}],methods=[PUT],consumes=[application/json]}" onto public org.springframework.http.ResponseEntity<com.capitalone.dashboard.model.WidgetResponse> com.capitalone.dashboard.rest.DashboardController.deleteWidget(org.bson.types.ObjectId,org.bson.types.ObjectId,com.capitalone.dashboard.request.WidgetRequest)
2018-05-17 19:31:30,192 INFO  o.s.w.s.m.m.a.RequestMappingHandlerMapping - Mapped "{[/dashboard/updateScoreSettings/{id}],methods=[PUT]}" onto public org.springframework.http.ResponseEntity<java.lang.String> com.capitalone.dashboard.rest.DashboardController.updateScoreSettings(org.bson.types.ObjectId,boolean,java.lang.String)
2018-05-17 19:31:30,192 INFO  o.s.w.s.m.m.a.RequestMappingHandlerMapping - Mapped "{[/dashboard/pagesize],methods=[GET],produces=[application/json]}" onto public int com.capitalone.dashboard.rest.DashboardController.getPageSize()
2018-05-17 19:31:30,192 INFO  o.s.w.s.m.m.a.RequestMappingHandlerMapping - Mapped "{[/dashboard],methods=[POST],consumes=[application/json],produces=[application/json]}" onto public org.springframework.http.ResponseEntity<com.capitalone.dashboard.model.Dashboard> com.capitalone.dashboard.rest.DashboardController.createDashboard(com.capitalone.dashboard.request.DashboardRequest)
2018-05-17 19:31:30,192 INFO  o.s.w.s.m.m.a.RequestMappingHandlerMapping - Mapped "{[/dashboard],methods=[GET],produces=[application/json]}" onto public java.lang.Iterable<com.capitalone.dashboard.model.Dashboard> com.capitalone.dashboard.rest.DashboardController.dashboards()
2018-05-17 19:31:30,194 INFO  o.s.w.s.m.m.a.RequestMappingHandlerMapping - Mapped "{[/dashboard/{id}/widget],methods=[POST],consumes=[application/json]}" onto public org.springframework.http.ResponseEntity<com.capitalone.dashboard.model.WidgetResponse> com.capitalone.dashboard.rest.DashboardController.addWidget(org.bson.types.ObjectId,com.capitalone.dashboard.request.WidgetRequest)
2018-05-17 19:31:30,195 INFO  o.s.w.s.m.m.a.RequestMappingHandlerMapping - Mapped "{[/dashboard/{id}/widget/{widgetId}],methods=[PUT],consumes=[application/json]}" onto public org.springframework.http.ResponseEntity<com.capitalone.dashboard.model.WidgetResponse> com.capitalone.dashboard.rest.DashboardController.updateWidget(org.bson.types.ObjectId,org.bson.types.ObjectId,com.capitalone.dashboard.request.WidgetRequest)
2018-05-17 19:31:30,195 INFO  o.s.w.s.m.m.a.RequestMappingHandlerMapping - Mapped "{[/dashboard/mydashboard],methods=[GET],produces=[application/json]}" onto public java.util.List<com.capitalone.dashboard.model.Dashboard> com.capitalone.dashboard.rest.DashboardController.getOwnedDashboards()
2018-05-17 19:31:30,196 INFO  o.s.w.s.m.m.a.RequestMappingHandlerMapping - Mapped "{[/dashboard/{id}/owners],methods=[GET],produces=[application/json]}" onto public java.lang.Iterable<com.capitalone.dashboard.model.Owner> com.capitalone.dashboard.rest.DashboardController.getOwners(org.bson.types.ObjectId)
2018-05-17 19:31:30,196 INFO  o.s.w.s.m.m.a.RequestMappingHandlerMapping - Mapped "{[/dashboard/{id}/owners],methods=[PUT],consumes=[application/json]}" onto public org.springframework.http.ResponseEntity<java.lang.Iterable<com.capitalone.dashboard.model.Owner>> com.capitalone.dashboard.rest.DashboardController.updateOwners(org.bson.types.ObjectId,java.lang.Iterable<com.capitalone.dashboard.model.Owner>)
2018-05-17 19:31:30,196 INFO  o.s.w.s.m.m.a.RequestMappingHandlerMapping - Mapped "{[/dashboard/{id}],methods=[GET],produces=[application/json]}" onto public com.capitalone.dashboard.model.Dashboard com.capitalone.dashboard.rest.DashboardController.getDashboard(org.bson.types.ObjectId)
2018-05-17 19:31:30,197 INFO  o.s.w.s.m.m.a.RequestMappingHandlerMapping - Mapped "{[/dashboard/rename/{id}],methods=[PUT],consumes=[application/json]}" onto public org.springframework.http.ResponseEntity<java.lang.String> com.capitalone.dashboard.rest.DashboardController.renameDashboard(org.bson.types.ObjectId,com.capitalone.dashboard.request.DashboardRequestTitle)
2018-05-17 19:31:30,197 INFO  o.s.w.s.m.m.a.RequestMappingHandlerMapping - Mapped "{[/dashboard/{id}],methods=[DELETE]}" onto public org.springframework.http.ResponseEntity<java.lang.Void> com.capitalone.dashboard.rest.DashboardController.deleteDashboard(org.bson.types.ObjectId)
2018-05-17 19:31:30,198 INFO  o.s.w.s.m.m.a.RequestMappingHandlerMapping - Mapped "{[/dashboard/remoteCreate],methods=[POST],consumes=[application/json],produces=[application/json]}" onto public org.springframework.http.ResponseEntity<java.lang.String> com.capitalone.dashboard.rest.DashboardRemoteController.remoteCreateDashboard(com.capitalone.dashboard.request.DashboardRemoteRequest)
2018-05-17 19:31:30,198 INFO  o.s.w.s.m.m.a.RequestMappingHandlerMapping - Mapped "{[/dashboard/remoteUpdate],methods=[POST],consumes=[application/json],produces=[application/json]}" onto public org.springframework.http.ResponseEntity<java.lang.String> com.capitalone.dashboard.rest.DashboardRemoteController.remoteUpdateDashboard(com.capitalone.dashboard.request.DashboardRemoteRequest)
2018-05-17 19:31:30,198 INFO  o.s.w.s.m.m.a.RequestMappingHandlerMapping - Mapped "{[/users],methods=[GET]}" onto public java.util.Collection<com.capitalone.dashboard.model.UserInfo> com.capitalone.dashboard.rest.UserInfoController.getUsers()
2018-05-17 19:31:30,201 INFO  o.s.w.s.m.m.a.RequestMappingHandlerMapping - Mapped "{[/pipeline],methods=[GET],produces=[application/json]}" onto public java.lang.Iterable<com.capitalone.dashboard.model.PipelineResponse> com.capitalone.dashboard.rest.PipelineController.searchPipelines(com.capitalone.dashboard.request.PipelineSearchRequest)
2018-05-17 19:31:30,202 INFO  o.s.w.s.m.m.a.RequestMappingHandlerMapping - Mapped "{[/dashboard/generalConfig],methods=[PUT],consumes=[application/json],produces=[application/json]}" onto public org.springframework.http.ResponseEntity<java.util.List<com.capitalone.dashboard.model.Configuration>> com.capitalone.dashboard.rest.ConfigurationController.insertConfigurationFile(java.util.List<com.capitalone.dashboard.model.Configuration>)
2018-05-17 19:31:30,202 INFO  o.s.w.s.m.m.a.RequestMappingHandlerMapping - Mapped "{[/dashboard/generalConfig/fetch],methods=[GET],produces=[application/json]}" onto public java.util.List<com.capitalone.dashboard.model.Configuration> com.capitalone.dashboard.rest.ConfigurationController.getConfigurationFile()
2018-05-17 19:31:30,202 INFO  o.s.w.s.m.m.a.RequestMappingHandlerMapping - Mapped "{[/v2/api-docs],methods=[GET],produces=[application/json || application/hal+json]}" onto public org.springframework.http.ResponseEntity<springfox.documentation.spring.web.json.Json> springfox.documentation.swagger2.web.Swagger2Controller.getDocumentation(java.lang.String,javax.servlet.http.HttpServletRequest)
2018-05-17 19:31:30,207 INFO  o.s.w.s.m.m.a.RequestMappingHandlerMapping - Mapped "{[/configuration/ui]}" onto org.springframework.http.ResponseEntity<springfox.documentation.swagger.web.UiConfiguration> springfox.documentation.swagger.web.ApiResourceController.uiConfiguration()
2018-05-17 19:31:30,208 INFO  o.s.w.s.m.m.a.RequestMappingHandlerMapping - Mapped "{[/configuration/security]}" onto org.springframework.http.ResponseEntity<springfox.documentation.swagger.web.SecurityConfiguration> springfox.documentation.swagger.web.ApiResourceController.securityConfiguration()
2018-05-17 19:31:30,208 INFO  o.s.w.s.m.m.a.RequestMappingHandlerMapping - Mapped "{[/swagger-resources]}" onto org.springframework.http.ResponseEntity<java.util.List<springfox.documentation.swagger.web.SwaggerResource>> springfox.documentation.swagger.web.ApiResourceController.swaggerResources()
2018-05-17 19:31:30,213 INFO  o.s.w.s.m.m.a.RequestMappingHandlerMapping - Mapped "{[/error],produces=[text/html]}" onto public org.springframework.web.servlet.ModelAndView org.springframework.boot.autoconfigure.web.BasicErrorController.errorHtml(javax.servlet.http.HttpServletRequest)
2018-05-17 19:31:30,213 INFO  o.s.w.s.m.m.a.RequestMappingHandlerMapping - Mapped "{[/error]}" onto public org.springframework.http.ResponseEntity<java.util.Map<java.lang.String, java.lang.Object>> org.springframework.boot.autoconfigure.web.BasicErrorController.error(javax.servlet.http.HttpServletRequest)
2018-05-17 19:31:30,482 INFO  o.s.w.s.h.SimpleUrlHandlerMapping - Mapped URL path [/**] onto handler of type [class org.springframework.web.servlet.resource.ResourceHttpRequestHandler]
2018-05-17 19:31:30,490 INFO  o.s.w.s.h.SimpleUrlHandlerMapping - Mapped URL path [/**] onto handler of type [class org.springframework.web.servlet.resource.DefaultServletHttpRequestHandler]
2018-05-17 19:31:30,631 INFO  o.s.w.s.m.m.a.RequestMappingHandlerAdapter - Looking for @ControllerAdvice: org.springframework.boot.context.embedded.AnnotationConfigEmbeddedWebApplicationContext@130df4dc: startup date [Thu May 17 19:31:18 UTC 2018]; parent: org.springframework.context.annotation.AnnotationConfigApplicationContext@3830f0dd
2018-05-17 19:31:30,731 INFO  o.s.w.s.m.m.a.ExceptionHandlerExceptionResolver - Detected @ExceptionHandler methods in restApiExceptionHandler
2018-05-17 19:31:30,778 INFO  o.s.s.c.ThreadPoolTaskScheduler - Initializing ExecutorService  'taskScheduler'
2018-05-17 19:31:30,817 INFO  c.c.dashboard.config.MongoConfig - ReplicaSetfalse
2018-05-17 19:31:30,817 INFO  c.c.dashboard.config.MongoConfig - Initializing Mongo Client server at: localhost:27017
2018-05-17 19:31:30,818 INFO  org.mongodb.driver.cluster - Cluster created with settings {hosts=[localhost:27017], mode=SINGLE, requiredClusterType=UNKNOWN, serverSelectionTimeout='30000 ms', maxWaitQueueSize=500}
2018-05-17 19:31:30,823 INFO  c.c.dashboard.config.MongoConfig - Connecting to Mongo: Mongo{options=MongoClientOptions{description='null', readPreference=primary, writeConcern=WriteConcern{w=1, wtimeout=0, fsync=false, j=false, codecRegistry=org.bson.codecs.configuration.ProvidersCodecRegistry@4e06283f, minConnectionsPerHost=0, maxConnectionsPerHost=100, threadsAllowedToBlockForConnectionMultiplier=5, serverSelectionTimeout=30000, maxWaitTime=120000, maxConnectionIdleTime=0, maxConnectionLifeTime=0, connectTimeout=10000, socketTimeout=0, socketKeepAlive=false, sslEnabled=false, sslInvalidHostNamesAllowed=false, alwaysUseMBeans=false, heartbeatFrequency=10000, minHeartbeatFrequency=500, heartbeatConnectTimeout=20000, heartbeatSocketTimeout=20000, localThreshold=15, requiredReplicaSetName='null', dbDecoderFactory=com.mongodb.DefaultDBDecoder$1@4edebad4, dbEncoderFactory=com.mongodb.DefaultDBEncoder$1@4b311587, socketFactory=javax.net.DefaultSocketFactory@7532ff70, cursorFinalizerEnabled=true, connectionPoolSettings=ConnectionPoolSettings{maxSize=100, minSize=0, maxWaitQueueSize=500, maxWaitTimeMS=120000, maxConnectionLifeTimeMS=0, maxConnectionIdleTimeMS=0, maintenanceInitialDelayMS=0, maintenanceFrequencyMS=60000}, socketSettings=SocketSettings{connectTimeoutMS=10000, readTimeoutMS=0, keepAlive=false, receiveBufferSize=0, sendBufferSize=0}, serverSettings=ServerSettings{heartbeatFrequencyMS=10000, minHeartbeatFrequencyMS=500}, heartbeatSocketSettings=SocketSettings{connectTimeoutMS=20000, readTimeoutMS=20000, keepAlive=false, receiveBufferSize=0, sendBufferSize=0}}}
2018-05-17 19:31:30,888 INFO  org.mongodb.driver.connection - Opened connection [connectionId{localValue:3, serverValue:13}] to localhost:27017
2018-05-17 19:31:30,888 INFO  org.mongodb.driver.cluster - Monitor thread successfully connected to server with description ServerDescription{address=localhost:27017, type=STANDALONE, state=CONNECTED, ok=true, version=ServerVersion{versionList=[3, 2, 20]}, minWireVersion=0, maxWireVersion=4, electionId=null, maxDocumentSize=16777216, roundTripTimeNanos=289880}
2018-05-17 19:31:30,897 INFO  c.c.dashboard.config.MongoConfig - ReplicaSetfalse
2018-05-17 19:31:30,897 INFO  c.c.dashboard.config.MongoConfig - Initializing Mongo Client server at: localhost:27017
2018-05-17 19:31:30,898 INFO  org.mongodb.driver.cluster - Cluster created with settings {hosts=[localhost:27017], mode=SINGLE, requiredClusterType=UNKNOWN, serverSelectionTimeout='30000 ms', maxWaitQueueSize=500}
2018-05-17 19:31:30,900 INFO  org.mongodb.driver.connection - Opened connection [connectionId{localValue:4, serverValue:14}] to localhost:27017
2018-05-17 19:31:30,901 INFO  org.mongodb.driver.cluster - Monitor thread successfully connected to server with description ServerDescription{address=localhost:27017, type=STANDALONE, state=CONNECTED, ok=true, version=ServerVersion{versionList=[3, 2, 20]}, minWireVersion=0, maxWireVersion=4, electionId=null, maxDocumentSize=16777216, roundTripTimeNanos=250665}
2018-05-17 19:31:30,901 INFO  c.c.dashboard.config.MongoConfig - Connecting to Mongo: Mongo{options=MongoClientOptions{description='null', readPreference=primary, writeConcern=WriteConcern{w=1, wtimeout=0, fsync=false, j=false, codecRegistry=org.bson.codecs.configuration.ProvidersCodecRegistry@4e06283f, minConnectionsPerHost=0, maxConnectionsPerHost=100, threadsAllowedToBlockForConnectionMultiplier=5, serverSelectionTimeout=30000, maxWaitTime=120000, maxConnectionIdleTime=0, maxConnectionLifeTime=0, connectTimeout=10000, socketTimeout=0, socketKeepAlive=false, sslEnabled=false, sslInvalidHostNamesAllowed=false, alwaysUseMBeans=false, heartbeatFrequency=10000, minHeartbeatFrequency=500, heartbeatConnectTimeout=20000, heartbeatSocketTimeout=20000, localThreshold=15, requiredReplicaSetName='null', dbDecoderFactory=com.mongodb.DefaultDBDecoder$1@4edebad4, dbEncoderFactory=com.mongodb.DefaultDBEncoder$1@4b311587, socketFactory=javax.net.DefaultSocketFactory@7532ff70, cursorFinalizerEnabled=true, connectionPoolSettings=ConnectionPoolSettings{maxSize=100, minSize=0, maxWaitQueueSize=500, maxWaitTimeMS=120000, maxConnectionLifeTimeMS=0, maxConnectionIdleTimeMS=0, maintenanceInitialDelayMS=0, maintenanceFrequencyMS=60000}, socketSettings=SocketSettings{connectTimeoutMS=10000, readTimeoutMS=0, keepAlive=false, receiveBufferSize=0, sendBufferSize=0}, serverSettings=ServerSettings{heartbeatFrequencyMS=10000, minHeartbeatFrequencyMS=500}, heartbeatSocketSettings=SocketSettings{connectTimeoutMS=20000, readTimeoutMS=20000, keepAlive=false, receiveBufferSize=0, sendBufferSize=0}}}
2018-05-17 19:31:31,294 INFO  c.c.dashboard.config.MongoConfig - ReplicaSetfalse
2018-05-17 19:31:31,294 INFO  c.c.dashboard.config.MongoConfig - Initializing Mongo Client server at: localhost:27017
2018-05-17 19:31:31,296 INFO  org.mongodb.driver.cluster - Cluster created with settings {hosts=[localhost:27017], mode=SINGLE, requiredClusterType=UNKNOWN, serverSelectionTimeout='30000 ms', maxWaitQueueSize=500}
2018-05-17 19:31:31,299 INFO  org.mongodb.driver.connection - Opened connection [connectionId{localValue:5, serverValue:15}] to localhost:27017
2018-05-17 19:31:31,300 INFO  org.mongodb.driver.cluster - Monitor thread successfully connected to server with description ServerDescription{address=localhost:27017, type=STANDALONE, state=CONNECTED, ok=true, version=ServerVersion{versionList=[3, 2, 20]}, minWireVersion=0, maxWireVersion=4, electionId=null, maxDocumentSize=16777216, roundTripTimeNanos=221691}
2018-05-17 19:31:31,301 INFO  c.c.dashboard.config.MongoConfig - Connecting to Mongo: Mongo{options=MongoClientOptions{description='null', readPreference=primary, writeConcern=WriteConcern{w=1, wtimeout=0, fsync=false, j=false, codecRegistry=org.bson.codecs.configuration.ProvidersCodecRegistry@4e06283f, minConnectionsPerHost=0, maxConnectionsPerHost=100, threadsAllowedToBlockForConnectionMultiplier=5, serverSelectionTimeout=30000, maxWaitTime=120000, maxConnectionIdleTime=0, maxConnectionLifeTime=0, connectTimeout=10000, socketTimeout=0, socketKeepAlive=false, sslEnabled=false, sslInvalidHostNamesAllowed=false, alwaysUseMBeans=false, heartbeatFrequency=10000, minHeartbeatFrequency=500, heartbeatConnectTimeout=20000, heartbeatSocketTimeout=20000, localThreshold=15, requiredReplicaSetName='null', dbDecoderFactory=com.mongodb.DefaultDBDecoder$1@4edebad4, dbEncoderFactory=com.mongodb.DefaultDBEncoder$1@4b311587, socketFactory=javax.net.DefaultSocketFactory@7532ff70, cursorFinalizerEnabled=true, connectionPoolSettings=ConnectionPoolSettings{maxSize=100, minSize=0, maxWaitQueueSize=500, maxWaitTimeMS=120000, maxConnectionLifeTimeMS=0, maxConnectionIdleTimeMS=0, maintenanceInitialDelayMS=0, maintenanceFrequencyMS=60000}, socketSettings=SocketSettings{connectTimeoutMS=10000, readTimeoutMS=0, keepAlive=false, receiveBufferSize=0, sendBufferSize=0}, serverSettings=ServerSettings{heartbeatFrequencyMS=10000, minHeartbeatFrequencyMS=500}, heartbeatSocketSettings=SocketSettings{connectTimeoutMS=20000, readTimeoutMS=20000, keepAlive=false, receiveBufferSize=0, sendBufferSize=0}}}
2018-05-17 19:31:32,049 INFO  o.s.j.e.a.AnnotationMBeanExporter - Registering beans for JMX exposure on startup
2018-05-17 19:31:32,067 INFO  o.s.j.e.a.AnnotationMBeanExporter - Bean with name 'configurationPropertiesRebinder' has been autodetected for JMX exposure
2018-05-17 19:31:32,067 INFO  o.s.j.e.a.AnnotationMBeanExporter - Bean with name 'environmentManager' has been autodetected for JMX exposure
2018-05-17 19:31:32,068 INFO  o.s.j.e.a.AnnotationMBeanExporter - Bean with name 'refreshScope' has been autodetected for JMX exposure
2018-05-17 19:31:32,071 INFO  o.s.j.e.a.AnnotationMBeanExporter - Located managed bean 'environmentManager': registering with JMX server as MBean [org.springframework.cloud.context.environment:name=environmentManager,type=EnvironmentManager]
2018-05-17 19:31:32,097 INFO  o.s.j.e.a.AnnotationMBeanExporter - Located managed bean 'refreshScope': registering with JMX server as MBean [org.springframework.cloud.context.scope.refresh:name=refreshScope,type=RefreshScope]
2018-05-17 19:31:32,114 INFO  o.s.j.e.a.AnnotationMBeanExporter - Located managed bean 'configurationPropertiesRebinder': registering with JMX server as MBean [org.springframework.cloud.context.properties:name=configurationPropertiesRebinder,context=130df4dc,type=ConfigurationPropertiesRebinder]
2018-05-17 19:31:32,218 INFO  s.d.s.w.p.DocumentationPluginsBootstrapper - Context refreshed
2018-05-17 19:31:32,251 INFO  s.d.s.w.p.DocumentationPluginsBootstrapper - Found 1 custom documentation plugin(s)
2018-05-17 19:31:32,272 INFO  s.d.s.w.s.ApiListingReferenceScanner - Scanning for api listing references
2018-05-17 19:31:32,771 INFO  s.d.s.w.r.o.CachingOperationNameGenerator - Generating unique operation named: refreshInstancesUsingPOST_1
2018-05-17 19:31:32,820 INFO  s.d.s.w.r.o.CachingOperationNameGenerator - Generating unique operation named: getVirtualNetworkDetailsUsingGET_1
2018-05-17 19:31:32,867 WARN  s.d.s.p.CachingModelPropertiesProvider - Exception calculating properties for model(com.capitalone.dashboard.model.Cmdb) -> ModelContext{type=com.capitalone.dashboard.model.Cmdb, isReturnType=true}. java.lang.IllegalArgumentException: Conflicting setter definitions for property "timestamp": com.capitalone.dashboard.model.Cmdb#setTimestamp(1 params) vs com.capitalone.dashboard.model.Cmdb#setTimestamp(1 params)
2018-05-17 19:31:32,869 WARN  s.d.s.p.CachingModelPropertiesProvider - Exception calculating properties for model(com.capitalone.dashboard.model.Cmdb) -> ModelContext{type=com.capitalone.dashboard.model.Cmdb, isReturnType=true}. java.lang.IllegalArgumentException: Conflicting setter definitions for property "timestamp": com.capitalone.dashboard.model.Cmdb#setTimestamp(1 params) vs com.capitalone.dashboard.model.Cmdb#setTimestamp(1 params)
2018-05-17 19:31:32,904 INFO  s.d.s.w.r.o.CachingOperationNameGenerator - Generating unique operation named: collectorsByTypeUsingGET_1
2018-05-17 19:31:33,314 INFO  s.d.s.w.r.o.CachingOperationNameGenerator - Generating unique operation named: createBuildUsingPOST_1
2018-05-17 19:31:33,335 INFO  s.d.s.w.r.o.CachingOperationNameGenerator - Generating unique operation named: deployStatusUsingGET_1
2018-05-17 19:31:33,493 INFO  s.d.s.w.r.o.CachingOperationNameGenerator - Generating unique operation named: searchUsingGET_1
2018-05-17 19:31:33,590 INFO  s.d.s.w.r.o.CachingOperationNameGenerator - Generating unique operation named: refreshServiceUsingGET_1
2018-05-17 19:31:33,614 INFO  s.d.s.w.r.o.CachingOperationNameGenerator - Generating unique operation named: teamsByCollectorUsingGET_1
2018-05-17 19:31:33,617 INFO  s.d.s.w.r.o.CachingOperationNameGenerator - Generating unique operation named: teamsByCollectorPageUsingGET_1
2018-05-17 19:31:33,676 INFO  s.d.s.w.r.o.CachingOperationNameGenerator - Generating unique operation named: qualityDataUsingGET_1
2018-05-17 19:31:33,681 INFO  s.d.s.w.r.o.CachingOperationNameGenerator - Generating unique operation named: createGitHubv3UsingPOST_1
2018-05-17 19:31:33,684 INFO  s.d.s.w.r.o.CachingOperationNameGenerator - Generating unique operation named: searchUsingGET_2
2018-05-17 19:31:33,741 INFO  o.a.coyote.http11.Http11NioProtocol - Initializing ProtocolHandler ["http-nio-8080"]
2018-05-17 19:31:33,764 INFO  o.a.coyote.http11.Http11NioProtocol - Starting ProtocolHandler ["http-nio-8080"]
2018-05-17 19:31:33,770 INFO  o.a.tomcat.util.net.NioSelectorPool - Using a shared selector for servlet write/read
2018-05-17 19:31:33,805 INFO  o.s.b.c.e.t.TomcatEmbeddedServletContainer - Tomcat started on port(s): 8080 (http)
2018-05-17 19:31:33,813 INFO  com.capitalone.dashboard.Application - Started Application in 17.567 seconds (JVM running for 18.374)
2018-05-17 19:31:49,115 INFO  o.a.c.c.C.[.[localhost].[/api] - Initializing Spring FrameworkServlet 'dispatcherServlet'
2018-05-17 19:31:49,116 INFO  o.s.web.servlet.DispatcherServlet - FrameworkServlet 'dispatcherServlet': initialization started
2018-05-17 19:31:49,138 INFO  o.s.web.servlet.DispatcherServlet - FrameworkServlet 'dispatcherServlet': initialization completed in 22 ms
2018-05-17 19:31:49,479 ERROR o.a.c.c.C.[.[.[.[dispatcherServlet] - Servlet.service() for servlet [dispatcherServlet] in context with path [/api] threw exception
io.jsonwebtoken.SignatureException: JWT signature does not match locally computed signature. JWT validity cannot be asserted and should not be trusted.
	at io.jsonwebtoken.impl.DefaultJwtParser.parse(DefaultJwtParser.java:342) ~[jjwt-0.6.0.jar!/:0.6.0]
	at io.jsonwebtoken.impl.DefaultJwtParser.parse(DefaultJwtParser.java:458) ~[jjwt-0.6.0.jar!/:0.6.0]
	at io.jsonwebtoken.impl.DefaultJwtParser.parseClaimsJws(DefaultJwtParser.java:518) ~[jjwt-0.6.0.jar!/:0.6.0]
	at com.capitalone.dashboard.auth.token.TokenAuthenticationServiceImpl.getAuthentication(TokenAuthenticationServiceImpl.java:59) ~[api.jar!/:2.0.5-SNAPSHOT]
	at com.capitalone.dashboard.auth.token.JwtAuthenticationFilter.doFilter(JwtAuthenticationFilter.java:37) ~[api.jar!/:2.0.5-SNAPSHOT]
	at org.springframework.security.web.FilterChainProxy$VirtualFilterChain.doFilter(FilterChainProxy.java:330) ~[spring-security-web-4.0.3.RELEASE.jar!/:4.0.3.RELEASE]
	at com.capitalone.dashboard.auth.apitoken.ApiTokenRequestFilter.doFilter(ApiTokenRequestFilter.java:48) ~[api.jar!/:2.0.5-SNAPSHOT]
	at org.springframework.security.web.FilterChainProxy$VirtualFilterChain.doFilter(FilterChainProxy.java:330) ~[spring-security-web-4.0.3.RELEASE.jar!/:4.0.3.RELEASE]
	at org.springframework.security.web.authentication.AbstractAuthenticationProcessingFilter.doFilter(AbstractAuthenticationProcessingFilter.java:205) ~[spring-security-web-4.0.3.RELEASE.jar!/:4.0.3.RELEASE]
	at org.springframework.security.web.FilterChainProxy$VirtualFilterChain.doFilter(FilterChainProxy.java:330) ~[spring-security-web-4.0.3.RELEASE.jar!/:4.0.3.RELEASE]
	at org.springframework.security.web.authentication.AbstractAuthenticationProcessingFilter.doFilter(AbstractAuthenticationProcessingFilter.java:205) ~[spring-security-web-4.0.3.RELEASE.jar!/:4.0.3.RELEASE]
	at org.springframework.security.web.FilterChainProxy$VirtualFilterChain.doFilter(FilterChainProxy.java:330) ~[spring-security-web-4.0.3.RELEASE.jar!/:4.0.3.RELEASE]
	at org.springframework.security.web.authentication.AbstractAuthenticationProcessingFilter.doFilter(AbstractAuthenticationProcessingFilter.java:205) ~[spring-security-web-4.0.3.RELEASE.jar!/:4.0.3.RELEASE]
	at org.springframework.security.web.FilterChainProxy$VirtualFilterChain.doFilter(FilterChainProxy.java:330) ~[spring-security-web-4.0.3.RELEASE.jar!/:4.0.3.RELEASE]
	at org.springframework.security.web.authentication.logout.LogoutFilter.doFilter(LogoutFilter.java:120) ~[spring-security-web-4.0.3.RELEASE.jar!/:4.0.3.RELEASE]
	at org.springframework.security.web.FilterChainProxy$VirtualFilterChain.doFilter(FilterChainProxy.java:330) ~[spring-security-web-4.0.3.RELEASE.jar!/:4.0.3.RELEASE]
	at org.springframework.security.web.header.HeaderWriterFilter.doFilterInternal(HeaderWriterFilter.java:64) ~[spring-security-web-4.0.3.RELEASE.jar!/:4.0.3.RELEASE]
	at org.springframework.web.filter.OncePerRequestFilter.doFilter(OncePerRequestFilter.java:107) ~[spring-web-4.2.5.RELEASE.jar!/:4.2.5.RELEASE]
	at org.springframework.security.web.FilterChainProxy$VirtualFilterChain.doFilter(FilterChainProxy.java:330) ~[spring-security-web-4.0.3.RELEASE.jar!/:4.0.3.RELEASE]
	at org.springframework.security.web.context.SecurityContextPersistenceFilter.doFilter(SecurityContextPersistenceFilter.java:91) ~[spring-security-web-4.0.3.RELEASE.jar!/:4.0.3.RELEASE]
	at org.springframework.security.web.FilterChainProxy$VirtualFilterChain.doFilter(FilterChainProxy.java:330) ~[spring-security-web-4.0.3.RELEASE.jar!/:4.0.3.RELEASE]
	at org.springframework.security.web.context.request.async.WebAsyncManagerIntegrationFilter.doFilterInternal(WebAsyncManagerIntegrationFilter.java:53) ~[spring-security-web-4.0.3.RELEASE.jar!/:4.0.3.RELEASE]
	at org.springframework.web.filter.OncePerRequestFilter.doFilter(OncePerRequestFilter.java:107) ~[spring-web-4.2.5.RELEASE.jar!/:4.2.5.RELEASE]
	at org.springframework.security.web.FilterChainProxy$VirtualFilterChain.doFilter(FilterChainProxy.java:330) ~[spring-security-web-4.0.3.RELEASE.jar!/:4.0.3.RELEASE]
	at org.springframework.security.web.FilterChainProxy.doFilterInternal(FilterChainProxy.java:213) ~[spring-security-web-4.0.3.RELEASE.jar!/:4.0.3.RELEASE]
	at org.springframework.security.web.FilterChainProxy.doFilter(FilterChainProxy.java:176) ~[spring-security-web-4.0.3.RELEASE.jar!/:4.0.3.RELEASE]
	at org.springframework.web.filter.DelegatingFilterProxy.invokeDelegate(DelegatingFilterProxy.java:346) ~[spring-web-4.2.5.RELEASE.jar!/:4.2.5.RELEASE]
	at org.springframework.web.filter.DelegatingFilterProxy.doFilter(DelegatingFilterProxy.java:262) ~[spring-web-4.2.5.RELEASE.jar!/:4.2.5.RELEASE]
	at org.apache.catalina.core.ApplicationFilterChain.internalDoFilter(ApplicationFilterChain.java:239) ~[tomcat-embed-core-8.0.28.jar!/:8.0.28]
	at org.apache.catalina.core.ApplicationFilterChain.doFilter(ApplicationFilterChain.java:206) ~[tomcat-embed-core-8.0.28.jar!/:8.0.28]
	at org.springframework.web.filter.CharacterEncodingFilter.doFilterInternal(CharacterEncodingFilter.java:121) ~[spring-web-4.2.5.RELEASE.jar!/:4.2.5.RELEASE]
	at org.springframework.web.filter.OncePerRequestFilter.doFilter(OncePerRequestFilter.java:107) ~[spring-web-4.2.5.RELEASE.jar!/:4.2.5.RELEASE]
	at org.apache.catalina.core.ApplicationFilterChain.internalDoFilter(ApplicationFilterChain.java:239) ~[tomcat-embed-core-8.0.28.jar!/:8.0.28]
	at org.apache.catalina.core.ApplicationFilterChain.doFilter(ApplicationFilterChain.java:206) ~[tomcat-embed-core-8.0.28.jar!/:8.0.28]
	at org.apache.catalina.core.StandardWrapperValve.invoke(StandardWrapperValve.java:217) ~[tomcat-embed-core-8.0.28.jar!/:8.0.28]
	at org.apache.catalina.core.StandardContextValve.invoke(StandardContextValve.java:106) [tomcat-embed-core-8.0.28.jar!/:8.0.28]
	at org.apache.catalina.authenticator.AuthenticatorBase.invoke(AuthenticatorBase.java:502) [tomcat-embed-core-8.0.28.jar!/:8.0.28]
	at org.apache.catalina.core.StandardHostValve.invoke(StandardHostValve.java:142) [tomcat-embed-core-8.0.28.jar!/:8.0.28]
	at org.apache.catalina.valves.ErrorReportValve.invoke(ErrorReportValve.java:79) [tomcat-embed-core-8.0.28.jar!/:8.0.28]
	at org.apache.catalina.core.StandardEngineValve.invoke(StandardEngineValve.java:88) [tomcat-embed-core-8.0.28.jar!/:8.0.28]
	at org.apache.catalina.connector.CoyoteAdapter.service(CoyoteAdapter.java:518) [tomcat-embed-core-8.0.28.jar!/:8.0.28]
	at org.apache.coyote.http11.AbstractHttp11Processor.process(AbstractHttp11Processor.java:1091) [tomcat-embed-core-8.0.28.jar!/:8.0.28]
	at org.apache.coyote.AbstractProtocol$AbstractConnectionHandler.process(AbstractProtocol.java:673) [tomcat-embed-core-8.0.28.jar!/:8.0.28]
	at org.apache.tomcat.util.net.NioEndpoint$SocketProcessor.doRun(NioEndpoint.java:1500) [tomcat-embed-core-8.0.28.jar!/:8.0.28]
	at org.apache.tomcat.util.net.NioEndpoint$SocketProcessor.run(NioEndpoint.java:1456) [tomcat-embed-core-8.0.28.jar!/:8.0.28]
	at java.util.concurrent.ThreadPoolExecutor.runWorker(ThreadPoolExecutor.java:1149) [na:1.8.0_171]
	at java.util.concurrent.ThreadPoolExecutor$Worker.run(ThreadPoolExecutor.java:624) [na:1.8.0_171]
	at org.apache.tomcat.util.threads.TaskThread$WrappingRunnable.run(TaskThread.java:61) [tomcat-embed-core-8.0.28.jar!/:8.0.28]
	at java.lang.Thread.run(Thread.java:748) [na:1.8.0_171]
2018-05-17 19:32:03,506 INFO  org.mongodb.driver.connection - Opened connection [connectionId{localValue:6, serverValue:16}] to localhost:27017
2018-05-17 23:30:09,521 INFO  org.mongodb.driver.connection - Opened connection [connectionId{localValue:7, serverValue:17}] to localhost:27017
2018-05-18 16:54:35,453 ERROR c.c.d.rest.RestApiExceptionHandler - Failed to convert value of type [java.lang.String] to required type [org.bson.types.ObjectId]; nested exception is org.springframework.core.convert.ConversionFailedException: Failed to convert from type [java.lang.String] to type [@org.springframework.web.bind.annotation.PathVariable org.bson.types.ObjectId] for value 'null'; nested exception is java.lang.IllegalArgumentException: invalid hexadecimal representation of an ObjectId: [null]
2018-05-18 17:57:22,414 ERROR c.c.d.rest.RestApiExceptionHandler - Failed to convert value of type [java.lang.String] to required type [org.bson.types.ObjectId]; nested exception is org.springframework.core.convert.ConversionFailedException: Failed to convert from type [java.lang.String] to type [@org.springframework.web.bind.annotation.PathVariable org.bson.types.ObjectId] for value 'null'; nested exception is java.lang.IllegalArgumentException: invalid hexadecimal representation of an ObjectId: [null]
2018-05-18 17:57:34,767 ERROR c.c.d.rest.RestApiExceptionHandler - Failed to convert value of type [java.lang.String] to required type [org.bson.types.ObjectId]; nested exception is org.springframework.core.convert.ConversionFailedException: Failed to convert from type [java.lang.String] to type [@org.springframework.web.bind.annotation.PathVariable org.bson.types.ObjectId] for value 'null'; nested exception is java.lang.IllegalArgumentException: invalid hexadecimal representation of an ObjectId: [null]
2018-05-18 17:58:00,570 ERROR c.c.d.rest.RestApiExceptionHandler - Failed to convert value of type [java.lang.String] to required type [org.bson.types.ObjectId]; nested exception is org.springframework.core.convert.ConversionFailedException: Failed to convert from type [java.lang.String] to type [@org.springframework.web.bind.annotation.PathVariable org.bson.types.ObjectId] for value 'null'; nested exception is java.lang.IllegalArgumentException: invalid hexadecimal representation of an ObjectId: [null]
2018-05-18 18:58:11,296 ERROR c.c.d.rest.RestApiExceptionHandler - Failed to convert value of type [java.lang.String] to required type [org.bson.types.ObjectId]; nested exception is org.springframework.core.convert.ConversionFailedException: Failed to convert from type [java.lang.String] to type [@org.springframework.web.bind.annotation.PathVariable org.bson.types.ObjectId] for value 'null'; nested exception is java.lang.IllegalArgumentException: invalid hexadecimal representation of an ObjectId: [null]
2018-05-19 06:33:10,628 INFO  o.a.coyote.http11.Http11NioProcessor - Error parsing HTTP request header
 Note: further occurrences of HTTP header parsing errors will be logged at DEBUG level.
